#
# A fatal error has been detected by the Java Runtime Environment:
#
#  SIGSEGV (0xb) at pc=0x00007ff5ca57cd61, pid=17957, tid=0x00007ff5c8218700
#
# JRE version: OpenJDK Runtime Environment (8.0_112-b06) (build 1.8.0_112-release-b06)
# Java VM: OpenJDK 64-Bit Server VM (25.112-b06 mixed mode linux-amd64 compressed oops)
# Problematic frame:
# V  [libjvm.so+0x5f3d61]  oopDesc::size_given_klass(Klass*)+0x1
#
# Failed to write core dump. Core dumps have been disabled. To enable core dumping, try "ulimit -c unlimited" before starting Java again
#
# If you would like to submit a bug report, please visit:
#   http://bugreport.java.com/bugreport/crash.jsp
#

---------------  T H R E A D  ---------------

Current thread (0x00007ff5c4020800):  GCTaskThread [stack: 0x00007ff5c8118000,0x00007ff5c8219000] [id=17962]

siginfo: si_signo: 11 (SIGSEGV), si_code: 1 (SEGV_MAPERR), si_addr: 0x0000000000000008

Registers:
RAX=0x00007ff5cae2dc40, RBX=0x00007ff5c4074310, RCX=0x0000000000000003, RDX=0x0000000000000100
RSP=0x00007ff5c8217bb0, RBP=0x00007ff5c8217c40, RSI=0x0000000000000000, RDI=0x00000000f347a040
R8 =0x00000000f347a040, R9 =0x00000000000000ab, R10=0x00007ff5cae57340, R11=0x0000000000000004
R12=0x00000000f347a040, R13=0x00000000a5587a00, R14=0x00000000a5587a10, R15=0x00000000a5587a14
RIP=0x00007ff5ca57cd61, EFLAGS=0x0000000000010246, CSGSFS=0x0000000000000033, ERR=0x0000000000000004
  TRAPNO=0x000000000000000e

Top of Stack: (sp=0x00007ff5c8217bb0)
0x00007ff5c8217bb0:   00007ff5c8217c40 00007ff5ca7be705
0x00007ff5c8217bc0:   00000000a5587a00 00007ff5c4074350
0x00007ff5c8217bd0:   0000000000000001 0000000000000001
0x00007ff5c8217be0:   00007ff5cae57340 00007ff5c4074350
0x00007ff5c8217bf0:   00000000a55879e8 000000010073a2e0
0x00007ff5c8217c00:   00007ff5cae57340 0000000000000003
0x00007ff5c8217c10:   00007ff5cae57340 00007ff5cae533d0
0x00007ff5c8217c20:   00000000a55315b8 00007ff5c4074310
0x00007ff5c8217c30:   00000000a5532dc8 00007ff5c4074310
0x00007ff5c8217c40:   00007ff5c8217d10 00007ff5ca831892
0x00007ff5c8217c50:   00007ff5c8217d20 00007ff5c40743a0
0x00007ff5c8217c60:   00007ff5c40743d0 00000000a55315b8
0x00007ff5c8217c70:   00007ff5c4074320 000000000000095c
0x00007ff5c8217c80:   00007ff5c4074350 0000000000000600
0x00007ff5c8217c90:   0000000000000009 00007ff5cae4c8f4
0x00007ff5c8217ca0:   00000000a5587a00 00007ff5ca57ab57
0x00007ff5c8217cb0:   00000000a55315b8 00007ff500000400
0x00007ff5c8217cc0:   00000000a55315b8 0000000100000600
0x00007ff5c8217cd0:   000000240000000c 0000000000000003
0x00007ff5c8217ce0:   00000458000000d5 00007ff5c4074310
0x00007ff5c8217cf0:   00007ff5c4074100 0000000000000001
0x00007ff5c8217d00:   00007ff5c8217d8c 00007ff5c8217d90
0x00007ff5c8217d10:   00007ff5c8217e00 00007ff5ca816ca4
0x00007ff5c8217d20:   00007ff5c8217d90 00007ff5c8217d8c
0x00007ff5c8217d30:   00000001cae12e70 00007ff5c4074350
0x00007ff5c8217d40:   0000000000000400 0000000000000004
0x00007ff5c8217d50:   0000000000000400 00007ff5cae4c8f4
0x00007ff5c8217d60:   00007ff5c8217da0 00007ff5c8217d90
0x00007ff5c8217d70:   00007ff584cd1d80 00007ff5c4074310
0x00007ff5c8217d80:   00007ff5c8217d50 10cb88e0ca799700
0x00007ff5c8217d90:   00000000a4cec800 00007ff5c4020800
0x00007ff5c8217da0:   00000000a0cebd00 00007ff500000200 

Instructions: (pc=0x00007ff5ca57cd61)
0x00007ff5ca57cd41:   ff 5d e9 58 5a 25 00 0f 1f 84 00 00 00 00 00 48
0x00007ff5ca57cd51:   8b 57 08 e9 76 ff ff ff 0f 1f 80 00 00 00 00 55
0x00007ff5ca57cd61:   8b 46 08 48 89 f2 48 89 e5 83 f8 00 7e 11 a8 01
0x00007ff5ca57cd71:   75 15 c1 f8 03 5d c3 0f 1f 84 00 00 00 00 00 75 

Register to memory mapping:

RAX=0x00007ff5cae2dc40: <offset 0xea4c40> in /home/ahmed/myData/android-studio/jre/jre/lib/amd64/server/libjvm.so at 0x00007ff5c9f89000
RBX=0x00007ff5c4074310 is an unknown value
RCX=0x0000000000000003 is an unknown value
RDX=0x0000000000000100 is an unknown value
RSP=0x00007ff5c8217bb0 is an unknown value
RBP=0x00007ff5c8217c40 is an unknown value
RSI=0x0000000000000000 is an unknown value
RDI=0x00000000f347a040 is an unknown value
R8 =0x00000000f347a040 is an unknown value
R9 =0x00000000000000ab is an unknown value
R10=0x00007ff5cae57340: <offset 0xece340> in /home/ahmed/myData/android-studio/jre/jre/lib/amd64/server/libjvm.so at 0x00007ff5c9f89000
R11=0x0000000000000004 is an unknown value
R12=0x00000000f347a040 is an unknown value
R13=0x00000000a5587a00 is an oop
[Ljava.lang.Object; 
 - klass: 'java/lang/Object'[]
 - length: 1
R14=0x00000000a5587a10 is pointing into object: 0x00000000a5587a00
[Ljava.lang.Object; 
 - klass: 'java/lang/Object'[]
 - length: 1
R15=0x00000000a5587a14 is pointing into object: 0x00000000a5587a00
[Ljava.lang.Object; 
 - klass: 'java/lang/Object'[]
 - length: 1


Stack: [0x00007ff5c8118000,0x00007ff5c8219000],  sp=0x00007ff5c8217bb0,  free space=1022k
Native frames: (J=compiled Java code, j=interpreted, Vv=VM code, C=native code)
V  [libjvm.so+0x5f3d61]  oopDesc::size_given_klass(Klass*)+0x1
V  [libjvm.so+0x8a8892]  ParCompactionManager::follow_marking_stacks()+0x402
V  [libjvm.so+0x88dca4]  StealMarkingTask::do_it(GCTaskManager*, unsigned int)+0x304
V  [libjvm.so+0x5816c2]  GCTaskThread::run()+0x162
V  [libjvm.so+0x849c82]  java_start(Thread*)+0xf2


---------------  P R O C E S S  ---------------

Java Threads: ( => current thread )
  0x00007ff53403f800 JavaThread "pool-30-thread-4" [_thread_blocked, id=18045, stack(0x00007ff551aef000,0x00007ff551bf0000)]
  0x00007ff534037000 JavaThread "pool-30-thread-3" [_thread_blocked, id=18044, stack(0x00007ff5515ea000,0x00007ff5516eb000)]
  0x00007ff53403b000 JavaThread "pool-30-thread-2" [_thread_blocked, id=18040, stack(0x00007ff5513e8000,0x00007ff5514e9000)]
  0x00007ff534045000 JavaThread "pool-31-thread-1" [_thread_blocked, id=18039, stack(0x00007ff5521f6000,0x00007ff5522f7000)]
  0x00007ff534042000 JavaThread "pool-30-thread-1" [_thread_blocked, id=18038, stack(0x00007ff5511e6000,0x00007ff5512e7000)]
  0x0000000001d1e000 JavaThread "pool-9-thread-4" [_thread_blocked, id=18015, stack(0x00007ff550fe4000,0x00007ff5510e5000)]
  0x0000000001d17000 JavaThread "pool-10-thread-1" [_thread_blocked, id=18002, stack(0x00007ff551cf1000,0x00007ff551df2000)]
  0x00007ff530016800 JavaThread "pool-4-thread-4" [_thread_blocked, id=18001, stack(0x00007ff551df2000,0x00007ff551ef3000)]
  0x00007ff544005800 JavaThread "pool-4-thread-3" [_thread_blocked, id=17995, stack(0x00007ff5523f8000,0x00007ff5524f9000)]
  0x00007ff538006000 JavaThread "pool-4-thread-2" [_thread_blocked, id=17994, stack(0x00007ff5524f9000,0x00007ff5525fa000)]
  0x00007ff53c002800 JavaThread "pool-4-thread-1" [_thread_blocked, id=17993, stack(0x00007ff5525fa000,0x00007ff5526fb000)]
  0x00007ff55c9fe800 JavaThread "pool-3-thread-4" [_thread_blocked, id=17992, stack(0x00007ff5526fb000,0x00007ff5527fc000)]
  0x00007ff55c9fc800 JavaThread "pool-3-thread-3" [_thread_blocked, id=17991, stack(0x00007ff5527fc000,0x00007ff5528fd000)]
  0x00007ff55c9fb000 JavaThread "pool-3-thread-2" [_thread_blocked, id=17990, stack(0x00007ff5528fd000,0x00007ff5529fe000)]
  0x00007ff55d495000 JavaThread "pool-3-thread-1" [_thread_blocked, id=17989, stack(0x00007ff5529fe000,0x00007ff552aff000)]
  0x00007ff55d532800 JavaThread "Cache update executor" [_thread_blocked, id=17988, stack(0x00007ff552eff000,0x00007ff553000000)]
  0x00007ff55c4cb800 JavaThread "pool-2-thread-1" [_thread_blocked, id=17987, stack(0x00007ff5980bc000,0x00007ff5981bd000)]
  0x00007ff55d217800 JavaThread "File lock request listener" [_thread_in_native, id=17986, stack(0x00007ff598735000,0x00007ff598836000)]
  0x00007ff55d13c800 JavaThread "process reaper" daemon [_thread_blocked, id=17985, stack(0x00007ff598836000,0x00007ff59886f000)]
  0x00007ff55c007800 JavaThread "Stdin handler" [_thread_blocked, id=17983, stack(0x00007ff599319000,0x00007ff59941a000)]
  0x00007ff55c006000 JavaThread "Asynchronous log dispatcher for DefaultDaemonConnection: socket connection from /127.0.0.1:33038 to /127.0.0.1:47084" [_thread_blocked, id=17982, stack(0x00007ff59941a000,0x00007ff59951b000)]
  0x00007ff56c009000 JavaThread "Daemon worker" [_thread_blocked, id=17979, stack(0x00007ff59951b000,0x00007ff59961c000)]
  0x00007ff56c006000 JavaThread "Cancel handler" [_thread_blocked, id=17978, stack(0x00007ff59961c000,0x00007ff59971d000)]
  0x00007ff5c4cee000 JavaThread "pool-1-thread-1" [_thread_blocked, id=17977, stack(0x00007ff59971d000,0x00007ff59981e000)]
  0x00007ff56c007800 JavaThread "Handler for socket connection from /127.0.0.1:33038 to /127.0.0.1:47084" [_thread_in_native, id=17976, stack(0x00007ff599a1e000,0x00007ff599b1f000)]
  0x00007ff578031800 JavaThread "Daemon" [_thread_blocked, id=17975, stack(0x00007ff599b1f000,0x00007ff599c20000)]
  0x00007ff5c4c8d800 JavaThread "Incoming local TCP Connector on port 33038" [_thread_in_native, id=17974, stack(0x00007ff599e27000,0x00007ff599f28000)]
  0x00007ff5c40c8800 JavaThread "Service Thread" daemon [_thread_blocked, id=17972, stack(0x00007ff59b60c000,0x00007ff59b70d000)]
  0x00007ff5c40bd800 JavaThread "C1 CompilerThread2" daemon [_thread_blocked, id=17971, stack(0x00007ff59b70d000,0x00007ff59b80e000)]
  0x00007ff5c40bb800 JavaThread "C2 CompilerThread1" daemon [_thread_blocked, id=17970, stack(0x00007ff59b80e000,0x00007ff59b90f000)]
  0x00007ff5c40b9000 JavaThread "C2 CompilerThread0" daemon [_thread_blocked, id=17969, stack(0x00007ff59b90f000,0x00007ff59ba10000)]
  0x00007ff5c40b7800 JavaThread "Signal Dispatcher" daemon [_thread_blocked, id=17968, stack(0x00007ff59ba10000,0x00007ff59bb11000)]
  0x00007ff5c4083800 JavaThread "Finalizer" daemon [_thread_blocked, id=17967, stack(0x00007ff59bdfe000,0x00007ff59beff000)]
  0x00007ff5c407f000 JavaThread "Reference Handler" daemon [_thread_blocked, id=17966, stack(0x00007ff59beff000,0x00007ff59c000000)]
  0x00007ff5c400a000 JavaThread "main" [_thread_blocked, id=17960, stack(0x00007ff5cb97c000,0x00007ff5cba7d000)]

Other Threads:
  0x00007ff5c4077800 VMThread [stack: 0x00007ff5ac0f1000,0x00007ff5ac1f2000] [id=17965]
  0x00007ff5c40cb000 WatcherThread [stack: 0x00007ff59b50b000,0x00007ff59b60c000] [id=17973]

=>0x00007ff5c4020800 (exited) GCTaskThread [stack: 0x00007ff5c8118000,0x00007ff5c8219000] [id=17962]

VM state:at safepoint (normal execution)

VM Mutex/Monitor currently owned by a thread:  ([mutex/lock_event])
[0x00007ff5c4006410] Threads_lock - owner thread: 0x00007ff5c4077800
[0x00007ff5c4006910] Heap_lock - owner thread: 0x0000000001d1e000

Heap:
 PSYoungGen      total 266752K, used 45031K [0x00000000e0000000, 0x00000000f7080000, 0x0000000100000000)
  eden space 221696K, 0% used [0x00000000e0000000,0x00000000e0000000,0x00000000ed880000)
  from space 45056K, 99% used [0x00000000f1600000,0x00000000f41f9f58,0x00000000f4200000)
  to   space 62976K, 0% used [0x00000000ed880000,0x00000000ed880000,0x00000000f1600000)
 ParOldGen       total 95232K, used 93345K [0x00000000a0000000, 0x00000000a5d00000, 0x00000000e0000000)
  object space 95232K, 98% used [0x00000000a0000000,0x00000000a5b28458,0x00000000a5d00000)
 Metaspace       used 53599K, capacity 55460K, committed 55728K, reserved 1097728K
  class space    used 7143K, capacity 7567K, committed 7600K, reserved 1048576K

Card table byte_map: [0x00007ff5c851a000,0x00007ff5c881b000] byte_map_base: 0x00007ff5c801a000

Marking Bits: (ParMarkBitMap*) 0x00007ff5cae57340
 Begin Bits: [0x00007ff5ad000000, 0x00007ff5ae800000)
 End Bits:   [0x00007ff5ae800000, 0x00007ff5b0000000)

Polling page: 0x00007ff5cbaa9000

CodeCache: size=245760Kb used=21667Kb max_used=21671Kb free=224092Kb
 bounds [0x00007ff5b5000000, 0x00007ff5b6550000, 0x00007ff5c4000000]
 total_blobs=7747 nmethods=6996 adapters=664
 compilation: enabled

Compilation events (10 events):
Event: 17.303 Thread 0x00007ff5c40b9000 nmethod 8464 0x00007ff5b625f450 code [0x00007ff5b625f5c0, 0x00007ff5b625f8b8]
Event: 17.303 Thread 0x00007ff5c40b9000 8198       4       com.android.dx.util.Bits::or (24 bytes)
Event: 17.322 Thread 0x00007ff5c40b9000 nmethod 8198 0x00007ff5b64c9ed0 code [0x00007ff5b64ca020, 0x00007ff5b64ca138]
Event: 17.322 Thread 0x00007ff5c40b9000 9100       4       java.util.ArrayList$SubList::<init> (46 bytes)
Event: 17.323 Thread 0x00007ff5c40b9000 nmethod 9100 0x00007ff5b5157310 code [0x00007ff5b5157460, 0x00007ff5b5157518]
Event: 17.323 Thread 0x00007ff5c40b9000 9099       4       java.util.ArrayList::subListRangeCheck (110 bytes)
Event: 17.324 Thread 0x00007ff5c40b9000 nmethod 9099 0x00007ff5b524cd90 code [0x00007ff5b524cee0, 0x00007ff5b524cf78]
Event: 17.324 Thread 0x00007ff5c40b9000 9035 %     4       com.android.dx.ssa.DomFront::run @ 27 (60 bytes)
Event: 17.332 Thread 0x00007ff5c40bd800 9102       3       com.android.dx.ssa.SsaMethod::makeExitBlock (134 bytes)
Event: 17.334 Thread 0x00007ff5c40bd800 nmethod 9102 0x00007ff5b6539f50 code [0x00007ff5b653a1c0, 0x00007ff5b653b2c8]

GC Heap History (10 events):
Event: 10.923 GC heap after
Heap after GC invocations=10 (full 2):
 PSYoungGen      total 174592K, used 14312K [0x00000000e0000000, 0x00000000ec200000, 0x0000000100000000)
  eden space 160256K, 0% used [0x00000000e0000000,0x00000000e0000000,0x00000000e9c80000)
  from space 14336K, 99% used [0x00000000ead00000,0x00000000ebafa020,0x00000000ebb00000)
  to   space 16896K, 0% used [0x00000000e9c80000,0x00000000e9c80000,0x00000000ead00000)
 ParOldGen       total 95232K, used 19784K [0x00000000a0000000, 0x00000000a5d00000, 0x00000000e0000000)
  object space 95232K, 20% used [0x00000000a0000000,0x00000000a1352080,0x00000000a5d00000)
 Metaspace       used 46397K, capacity 47914K, committed 48176K, reserved 1091584K
  class space    used 6282K, capacity 6650K, committed 6704K, reserved 1048576K
}
Event: 13.634 GC heap before
{Heap before GC invocations=11 (full 2):
 PSYoungGen      total 174592K, used 174568K [0x00000000e0000000, 0x00000000ec200000, 0x0000000100000000)
  eden space 160256K, 100% used [0x00000000e0000000,0x00000000e9c80000,0x00000000e9c80000)
  from space 14336K, 99% used [0x00000000ead00000,0x00000000ebafa020,0x00000000ebb00000)
  to   space 16896K, 0% used [0x00000000e9c80000,0x00000000e9c80000,0x00000000ead00000)
 ParOldGen       total 95232K, used 19784K [0x00000000a0000000, 0x00000000a5d00000, 0x00000000e0000000)
  object space 95232K, 20% used [0x00000000a0000000,0x00000000a1352080,0x00000000a5d00000)
 Metaspace       used 53078K, capacity 54978K, committed 55216K, reserved 1097728K
  class space    used 7117K, capacity 7534K, committed 7600K, reserved 1048576K
Event: 13.680 GC heap after
Heap after GC invocations=11 (full 2):
 PSYoungGen      total 177152K, used 16880K [0x00000000e0000000, 0x00000000ee880000, 0x0000000100000000)
  eden space 160256K, 0% used [0x00000000e0000000,0x00000000e0000000,0x00000000e9c80000)
  from space 16896K, 99% used [0x00000000e9c80000,0x00000000eacfc010,0x00000000ead00000)
  to   space 24576K, 0% used [0x00000000ed080000,0x00000000ed080000,0x00000000ee880000)
 ParOldGen       total 95232K, used 32622K [0x00000000a0000000, 0x00000000a5d00000, 0x00000000e0000000)
  object space 95232K, 34% used [0x00000000a0000000,0x00000000a1fdbad0,0x00000000a5d00000)
 Metaspace       used 53078K, capacity 54978K, committed 55216K, reserved 1097728K
  class space    used 7117K, capacity 7534K, committed 7600K, reserved 1048576K
}
Event: 15.250 GC heap before
{Heap before GC invocations=12 (full 2):
 PSYoungGen      total 177152K, used 177136K [0x00000000e0000000, 0x00000000ee880000, 0x0000000100000000)
  eden space 160256K, 100% used [0x00000000e0000000,0x00000000e9c80000,0x00000000e9c80000)
  from space 16896K, 99% used [0x00000000e9c80000,0x00000000eacfc010,0x00000000ead00000)
  to   space 24576K, 0% used [0x00000000ed080000,0x00000000ed080000,0x00000000ee880000)
 ParOldGen       total 95232K, used 32622K [0x00000000a0000000, 0x00000000a5d00000, 0x00000000e0000000)
  object space 95232K, 34% used [0x00000000a0000000,0x00000000a1fdbad0,0x00000000a5d00000)
 Metaspace       used 53408K, capacity 55236K, committed 55472K, reserved 1097728K
  class space    used 7137K, capacity 7535K, committed 7600K, reserved 1048576K
Event: 15.311 GC heap after
Heap after GC invocations=12 (full 2):
 PSYoungGen      total 205824K, used 24556K [0x00000000e0000000, 0x00000000eff00000, 0x0000000100000000)
  eden space 181248K, 0% used [0x00000000e0000000,0x00000000e0000000,0x00000000eb100000)
  from space 24576K, 99% used [0x00000000ed080000,0x00000000ee87b270,0x00000000ee880000)
  to   space 32256K, 0% used [0x00000000eb100000,0x00000000eb100000,0x00000000ed080000)
 ParOldGen       total 95232K, used 44030K [0x00000000a0000000, 0x00000000a5d00000, 0x00000000e0000000)
  object space 95232K, 46% used [0x00000000a0000000,0x00000000a2affaa0,0x00000000a5d00000)
 Metaspace       used 53408K, capacity 55236K, committed 55472K, reserved 1097728K
  class space    used 7137K, capacity 7535K, committed 7600K, reserved 1048576K
}
Event: 16.282 GC heap before
{Heap before GC invocations=13 (full 2):
 PSYoungGen      total 205824K, used 205804K [0x00000000e0000000, 0x00000000eff00000, 0x0000000100000000)
  eden space 181248K, 100% used [0x00000000e0000000,0x00000000eb100000,0x00000000eb100000)
  from space 24576K, 99% used [0x00000000ed080000,0x00000000ee87b270,0x00000000ee880000)
  to   space 32256K, 0% used [0x00000000eb100000,0x00000000eb100000,0x00000000ed080000)
 ParOldGen       total 95232K, used 44030K [0x00000000a0000000, 0x00000000a5d00000, 0x00000000e0000000)
  object space 95232K, 46% used [0x00000000a0000000,0x00000000a2affaa0,0x00000000a5d00000)
 Metaspace       used 53536K, capacity 55364K, committed 55728K, reserved 1097728K
  class space    used 7139K, capacity 7535K, committed 7600K, reserved 1048576K
Event: 16.381 GC heap after
Heap after GC invocations=13 (full 2):
 PSYoungGen      total 213504K, used 32240K [0x00000000e0000000, 0x00000000f4200000, 0x0000000100000000)
  eden space 181248K, 0% used [0x00000000e0000000,0x00000000e0000000,0x00000000eb100000)
  from space 32256K, 99% used [0x00000000eb100000,0x00000000ed07c190,0x00000000ed080000)
  to   space 45056K, 0% used [0x00000000f1600000,0x00000000f1600000,0x00000000f4200000)
 ParOldGen       total 95232K, used 65304K [0x00000000a0000000, 0x00000000a5d00000, 0x00000000e0000000)
  object space 95232K, 68% used [0x00000000a0000000,0x00000000a3fc6218,0x00000000a5d00000)
 Metaspace       used 53536K, capacity 55364K, committed 55728K, reserved 1097728K
  class space    used 7139K, capacity 7535K, committed 7600K, reserved 1048576K
}
Event: 17.336 GC heap before
{Heap before GC invocations=14 (full 2):
 PSYoungGen      total 213504K, used 213488K [0x00000000e0000000, 0x00000000f4200000, 0x0000000100000000)
  eden space 181248K, 100% used [0x00000000e0000000,0x00000000eb100000,0x00000000eb100000)
  from space 32256K, 99% used [0x00000000eb100000,0x00000000ed07c190,0x00000000ed080000)
  to   space 45056K, 0% used [0x00000000f1600000,0x00000000f1600000,0x00000000f4200000)
 ParOldGen       total 95232K, used 65304K [0x00000000a0000000, 0x00000000a5d00000, 0x00000000e0000000)
  object space 95232K, 68% used [0x00000000a0000000,0x00000000a3fc6218,0x00000000a5d00000)
 Metaspace       used 53599K, capacity 55460K, committed 55728K, reserved 1097728K
  class space    used 7143K, capacity 7567K, committed 7600K, reserved 1048576K
Event: 17.470 GC heap after
Heap after GC invocations=14 (full 2):
 PSYoungGen      total 266752K, used 45031K [0x00000000e0000000, 0x00000000f7080000, 0x0000000100000000)
  eden space 221696K, 0% used [0x00000000e0000000,0x00000000e0000000,0x00000000ed880000)
  from space 45056K, 99% used [0x00000000f1600000,0x00000000f41f9f58,0x00000000f4200000)
  to   space 62976K, 0% used [0x00000000ed880000,0x00000000ed880000,0x00000000f1600000)
 ParOldGen       total 95232K, used 93345K [0x00000000a0000000, 0x00000000a5d00000, 0x00000000e0000000)
  object space 95232K, 98% used [0x00000000a0000000,0x00000000a5b28458,0x00000000a5d00000)
 Metaspace       used 53599K, capacity 55460K, committed 55728K, reserved 1097728K
  class space    used 7143K, capacity 7567K, committed 7600K, reserved 1048576K
}
Event: 17.470 GC heap before
{Heap before GC invocations=15 (full 3):
 PSYoungGen      total 266752K, used 45031K [0x00000000e0000000, 0x00000000f7080000, 0x0000000100000000)
  eden space 221696K, 0% used [0x00000000e0000000,0x00000000e0000000,0x00000000ed880000)
  from space 45056K, 99% used [0x00000000f1600000,0x00000000f41f9f58,0x00000000f4200000)
  to   space 62976K, 0% used [0x00000000ed880000,0x00000000ed880000,0x00000000f1600000)
 ParOldGen       total 95232K, used 93345K [0x00000000a0000000, 0x00000000a5d00000, 0x00000000e0000000)
  object space 95232K, 98% used [0x00000000a0000000,0x00000000a5b28458,0x00000000a5d00000)
 Metaspace       used 53599K, capacity 55460K, committed 55728K, reserved 1097728K
  class space    used 7143K, capacity 7567K, committed 7600K, reserved 1048576K

Deoptimization events (10 events):
Event: 13.499 Thread 0x0000000001d18800 Uncommon trap: reason=class_check action=maybe_recompile pc=0x00007ff5b5e0163c method=com.android.dx.ssa.NormalSsaInsn.accept(Lcom/android/dx/ssa/SsaInsn$Visitor;)V @ 9
Event: 13.560 Thread 0x0000000001d1e000 Uncommon trap: reason=class_check action=maybe_recompile pc=0x00007ff5b60873e0 method=com.android.dx.ssa.NormalSsaInsn.accept(Lcom/android/dx/ssa/SsaInsn$Visitor;)V @ 9
Event: 13.624 Thread 0x0000000001d1e000 Uncommon trap: reason=unstable_if action=reinterpret pc=0x00007ff5b5a53c98 method=java.util.concurrent.ConcurrentHashMap.addCount(JI)V @ 97
Event: 13.812 Thread 0x00007ff530016800 Uncommon trap: reason=unstable_if action=reinterpret pc=0x00007ff5b5a2273c method=com.android.dx.rop.code.RegisterSpec.equals(ILcom/android/dx/rop/type/TypeBearer;Lcom/android/dx/rop/code/LocalItem;)Z @ 42
Event: 13.912 Thread 0x00007ff54400d800 Uncommon trap: reason=unstable_if action=reinterpret pc=0x00007ff5b52de524 method=java.util.concurrent.locks.AbstractQueuedSynchronizer.hasQueuedPredecessors()Z @ 31
Event: 13.929 Thread 0x00007ff544011000 Uncommon trap: reason=unstable_if action=reinterpret pc=0x00007ff5b5d4be4c method=java.util.concurrent.locks.AbstractQueuedSynchronizer.hasQueuedPredecessors()Z @ 31
Event: 14.273 Thread 0x00007ff54400d800 Uncommon trap: reason=unstable_if action=reinterpret pc=0x00007ff5b635dfa0 method=com.android.dx.rop.code.RegisterSpecSet.put(Lcom/android/dx/rop/code/RegisterSpec;)V @ 77
Event: 15.034 Thread 0x0000000001d1e000 Uncommon trap: reason=unstable_if action=reinterpret pc=0x00007ff5b63be0f8 method=com.android.dx.rop.code.RegisterSpecSet.<init>(I)V @ 2
Event: 15.713 Thread 0x0000000001d1e000 Uncommon trap: reason=unstable_if action=reinterpret pc=0x00007ff5b5799880 method=java.util.HashMap.getNode(ILjava/lang/Object;)Ljava/util/HashMap$Node; @ 84
Event: 15.713 Thread 0x0000000001d1e000 Uncommon trap: reason=unstable_if action=reinterpret pc=0x00007ff5b5798d94 method=java.util.HashMap.getNode(ILjava/lang/Object;)Ljava/util/HashMap$Node; @ 84

Internal exceptions (10 events):
Event: 12.838 Thread 0x00007ff55d495000 Exception <a 'sun/nio/fs/UnixException'> (0x00000000e6b4b708) thrown at [/ssd/Android/AOSP-openjdk/external/jetbrains/jdk/hotspot/src/share/vm/prims/jni.cpp, line 709]
Event: 12.841 Thread 0x00007ff55c9fe800 Exception <a 'sun/nio/fs/UnixException'> (0x00000000e6ab5570) thrown at [/ssd/Android/AOSP-openjdk/external/jetbrains/jdk/hotspot/src/share/vm/prims/jni.cpp, line 709]
Event: 12.861 Thread 0x00007ff55c9fe800 Exception <a 'sun/nio/fs/UnixException'> (0x00000000e6ad68e8) thrown at [/ssd/Android/AOSP-openjdk/external/jetbrains/jdk/hotspot/src/share/vm/prims/jni.cpp, line 709]
Event: 12.877 Thread 0x00007ff55c9fe800 Exception <a 'sun/nio/fs/UnixException'> (0x00000000e6af7858) thrown at [/ssd/Android/AOSP-openjdk/external/jetbrains/jdk/hotspot/src/share/vm/prims/jni.cpp, line 709]
Event: 12.892 Thread 0x00007ff55c9fe800 Exception <a 'sun/nio/fs/UnixException'> (0x00000000e6b18e38) thrown at [/ssd/Android/AOSP-openjdk/external/jetbrains/jdk/hotspot/src/share/vm/prims/jni.cpp, line 709]
Event: 12.904 Thread 0x00007ff55c9fe800 Exception <a 'sun/nio/fs/UnixException'> (0x00000000e6b39e18) thrown at [/ssd/Android/AOSP-openjdk/external/jetbrains/jdk/hotspot/src/share/vm/prims/jni.cpp, line 709]
Event: 12.946 Thread 0x00007ff55c9fe800 Exception <a 'sun/nio/fs/UnixException'> (0x00000000e732ec48) thrown at [/ssd/Android/AOSP-openjdk/external/jetbrains/jdk/hotspot/src/share/vm/prims/jni.cpp, line 709]
Event: 14.756 Thread 0x00007ff55d495000 Exception <a 'sun/nio/fs/UnixException'> (0x00000000e4556660) thrown at [/ssd/Android/AOSP-openjdk/external/jetbrains/jdk/hotspot/src/share/vm/prims/jni.cpp, line 709]
Event: 15.046 Thread 0x00007ff55d495000 Exception <a 'sun/nio/fs/UnixException'> (0x00000000e457e978) thrown at [/ssd/Android/AOSP-openjdk/external/jetbrains/jdk/hotspot/src/share/vm/prims/jni.cpp, line 709]
Event: 15.687 Thread 0x00007ff55c9fe800 Exception <a 'sun/nio/fs/UnixException'> (0x00000000e2a55f00) thrown at [/ssd/Android/AOSP-openjdk/external/jetbrains/jdk/hotspot/src/share/vm/prims/jni.cpp, line 709]

Events (10 events):
Event: 17.332 Thread 0x00007ff53403f800 DEOPT UNPACKING pc=0x00007ff5b5047373 sp=0x00007ff551beddd8 mode 0
Event: 17.333 Thread 0x00007ff53403f800 DEOPT PACKING pc=0x00007ff5b638e4c8 sp=0x00007ff551bee050
Event: 17.334 Thread 0x00007ff534037000 DEOPT PACKING pc=0x00007ff5b638e4c8 sp=0x00007ff5516e9050
Event: 17.334 Thread 0x00007ff534037000 DEOPT UNPACKING pc=0x00007ff5b5047373 sp=0x00007ff5516e8dd8 mode 0
Event: 17.335 Thread 0x00007ff534037000 DEOPT PACKING pc=0x00007ff5b638e4c8 sp=0x00007ff5516e9050
Event: 17.335 Thread 0x00007ff534037000 DEOPT UNPACKING pc=0x00007ff5b5047373 sp=0x00007ff5516e8dd8 mode 0
Event: 17.336 Thread 0x00007ff534042000 DEOPT PACKING pc=0x00007ff5b638e4c8 sp=0x00007ff5512e5050
Event: 17.336 Thread 0x00007ff534042000 DEOPT UNPACKING pc=0x00007ff5b5047373 sp=0x00007ff5512e4dd8 mode 0
Event: 17.336 Executing VM operation: ParallelGCFailedAllocation
Event: 17.336 Thread 0x00007ff53403f800 DEOPT UNPACKING pc=0x00007ff5b5047373 sp=0x00007ff551beddd8 mode 0


Dynamic libraries:
00400000-00401000 r-xp 00000000 08:01 3289455                            /home/ahmed/myData/android-studio/jre/bin/java
00600000-00601000 r--p 00000000 08:01 3289455                            /home/ahmed/myData/android-studio/jre/bin/java
00601000-00602000 rw-p 00001000 08:01 3289455                            /home/ahmed/myData/android-studio/jre/bin/java
01d04000-01d47000 rw-p 00000000 00:00 0                                  [heap]
a0000000-a5d00000 rw-p 00000000 00:00 0 
a5d00000-e0000000 ---p 00000000 00:00 0 
e0000000-f7080000 rw-p 00000000 00:00 0 
f7080000-100000000 ---p 00000000 00:00 0 
100000000-10076c000 rw-p 00000000 00:00 0 
10076c000-140000000 ---p 00000000 00:00 0 
7ff530000000-7ff53002d000 rw-p 00000000 00:00 0 
7ff53002d000-7ff534000000 ---p 00000000 00:00 0 
7ff534000000-7ff5340db000 rw-p 00000000 00:00 0 
7ff5340db000-7ff538000000 ---p 00000000 00:00 0 
7ff538000000-7ff538021000 rw-p 00000000 00:00 0 
7ff538021000-7ff53c000000 ---p 00000000 00:00 0 
7ff53c000000-7ff53c021000 rw-p 00000000 00:00 0 
7ff53c021000-7ff540000000 ---p 00000000 00:00 0 
7ff540000000-7ff540021000 rw-p 00000000 00:00 0 
7ff540021000-7ff544000000 ---p 00000000 00:00 0 
7ff544000000-7ff544027000 rw-p 00000000 00:00 0 
7ff544027000-7ff548000000 ---p 00000000 00:00 0 
7ff548000000-7ff548021000 rw-p 00000000 00:00 0 
7ff548021000-7ff54c000000 ---p 00000000 00:00 0 
7ff54c000000-7ff54c021000 rw-p 00000000 00:00 0 
7ff54c021000-7ff550000000 ---p 00000000 00:00 0 
7ff550ce3000-7ff550de3000 rw-p 00000000 00:00 0 
7ff550de3000-7ff550ee6000 ---p 00000000 00:00 0 
7ff550ee6000-7ff550fe4000 rw-p 00000000 00:00 0 
7ff550fe4000-7ff550fe7000 ---p 00000000 00:00 0 
7ff550fe7000-7ff5510e5000 rw-p 00000000 00:00 0 
7ff5510e5000-7ff5510e8000 ---p 00000000 00:00 0 
7ff5510e8000-7ff5511e6000 rw-p 00000000 00:00 0 
7ff5511e6000-7ff5511e9000 ---p 00000000 00:00 0 
7ff5511e9000-7ff5512e7000 rw-p 00000000 00:00 0 
7ff5512e7000-7ff5512ea000 ---p 00000000 00:00 0 
7ff5512ea000-7ff5513e8000 rw-p 00000000 00:00 0 
7ff5513e8000-7ff5513eb000 ---p 00000000 00:00 0 
7ff5513eb000-7ff5514e9000 rw-p 00000000 00:00 0 
7ff5514e9000-7ff5514ec000 ---p 00000000 00:00 0 
7ff5514ec000-7ff5515ea000 rw-p 00000000 00:00 0 
7ff5515ea000-7ff5515ed000 ---p 00000000 00:00 0 
7ff5515ed000-7ff5516eb000 rw-p 00000000 00:00 0 
7ff5516eb000-7ff5516ee000 ---p 00000000 00:00 0 
7ff5516ee000-7ff5517ec000 rw-p 00000000 00:00 0 
7ff5517ec000-7ff5517ef000 ---p 00000000 00:00 0 
7ff5517ef000-7ff5518ed000 rw-p 00000000 00:00 0 
7ff5518ed000-7ff5518f0000 ---p 00000000 00:00 0 
7ff5518f0000-7ff5519ee000 rw-p 00000000 00:00 0 
7ff5519ee000-7ff5519f1000 ---p 00000000 00:00 0 
7ff5519f1000-7ff551aef000 rw-p 00000000 00:00 0 
7ff551aef000-7ff551af2000 ---p 00000000 00:00 0 
7ff551af2000-7ff551bf0000 rw-p 00000000 00:00 0 
7ff551bf0000-7ff551bf3000 ---p 00000000 00:00 0 
7ff551bf3000-7ff551cf1000 rw-p 00000000 00:00 0 
7ff551cf1000-7ff551cf4000 ---p 00000000 00:00 0 
7ff551cf4000-7ff551df2000 rw-p 00000000 00:00 0 
7ff551df2000-7ff551df5000 ---p 00000000 00:00 0 
7ff551df5000-7ff551ef3000 rw-p 00000000 00:00 0 
7ff551ef3000-7ff551ef6000 ---p 00000000 00:00 0 
7ff551ef6000-7ff551ff4000 rw-p 00000000 00:00 0 
7ff551ff4000-7ff551ff7000 ---p 00000000 00:00 0 
7ff551ff7000-7ff5520f5000 rw-p 00000000 00:00 0 
7ff5520f5000-7ff5520f8000 ---p 00000000 00:00 0 
7ff5520f8000-7ff5521f6000 rw-p 00000000 00:00 0 
7ff5521f6000-7ff5521f9000 ---p 00000000 00:00 0 
7ff5521f9000-7ff5522f7000 rw-p 00000000 00:00 0 
7ff5522f7000-7ff5522fa000 ---p 00000000 00:00 0 
7ff5522fa000-7ff5523f8000 rw-p 00000000 00:00 0 
7ff5523f8000-7ff5523fb000 ---p 00000000 00:00 0 
7ff5523fb000-7ff5524f9000 rw-p 00000000 00:00 0 
7ff5524f9000-7ff5524fc000 ---p 00000000 00:00 0 
7ff5524fc000-7ff5525fa000 rw-p 00000000 00:00 0 
7ff5525fa000-7ff5525fd000 ---p 00000000 00:00 0 
7ff5525fd000-7ff5526fb000 rw-p 00000000 00:00 0 
7ff5526fb000-7ff5526fe000 ---p 00000000 00:00 0 
7ff5526fe000-7ff5527fc000 rw-p 00000000 00:00 0 
7ff5527fc000-7ff5527ff000 ---p 00000000 00:00 0 
7ff5527ff000-7ff5528fd000 rw-p 00000000 00:00 0 
7ff5528fd000-7ff552900000 ---p 00000000 00:00 0 
7ff552900000-7ff5529fe000 rw-p 00000000 00:00 0 
7ff5529fe000-7ff552a01000 ---p 00000000 00:00 0 
7ff552a01000-7ff552cff000 rw-p 00000000 00:00 0 
7ff552cff000-7ff552eff000 rw-p 00000000 00:00 0 
7ff552eff000-7ff552f02000 ---p 00000000 00:00 0 
7ff552f02000-7ff553200000 rw-p 00000000 00:00 0 
7ff553200000-7ff553400000 rw-p 00000000 00:00 0 
7ff553400000-7ff553600000 rw-p 00000000 00:00 0 
7ff553600000-7ff553800000 rw-p 00000000 00:00 0 
7ff553800000-7ff553a00000 rw-p 00000000 00:00 0 
7ff553a00000-7ff553c00000 rw-p 00000000 00:00 0 
7ff553c00000-7ff553e00000 rw-p 00000000 00:00 0 
7ff553e00000-7ff554000000 rw-p 00000000 00:00 0 
7ff554000000-7ff554021000 rw-p 00000000 00:00 0 
7ff554021000-7ff558000000 ---p 00000000 00:00 0 
7ff558000000-7ff558021000 rw-p 00000000 00:00 0 
7ff558021000-7ff55c000000 ---p 00000000 00:00 0 
7ff55c000000-7ff55d7a7000 rw-p 00000000 00:00 0 
7ff55d7a7000-7ff560000000 ---p 00000000 00:00 0 
7ff560000000-7ff560021000 rw-p 00000000 00:00 0 
7ff560021000-7ff564000000 ---p 00000000 00:00 0 
7ff564000000-7ff56402a000 rw-p 00000000 00:00 0 
7ff56402a000-7ff568000000 ---p 00000000 00:00 0 
7ff568000000-7ff568021000 rw-p 00000000 00:00 0 
7ff568021000-7ff56c000000 ---p 00000000 00:00 0 
7ff56c000000-7ff56c021000 rw-p 00000000 00:00 0 
7ff56c021000-7ff570000000 ---p 00000000 00:00 0 
7ff570000000-7ff570022000 rw-p 00000000 00:00 0 
7ff570022000-7ff574000000 ---p 00000000 00:00 0 
7ff574000000-7ff574075000 rw-p 00000000 00:00 0 
7ff574075000-7ff578000000 ---p 00000000 00:00 0 
7ff578000000-7ff57806d000 rw-p 00000000 00:00 0 
7ff57806d000-7ff57c000000 ---p 00000000 00:00 0 
7ff57c000000-7ff57cdb1000 rw-p 00000000 00:00 0 
7ff57cdb1000-7ff580000000 ---p 00000000 00:00 0 
7ff580000000-7ff580086000 rw-p 00000000 00:00 0 
7ff580086000-7ff584000000 ---p 00000000 00:00 0 
7ff584000000-7ff585e5a000 rw-p 00000000 00:00 0 
7ff585e5a000-7ff588000000 ---p 00000000 00:00 0 
7ff588000000-7ff589aba000 rw-p 00000000 00:00 0 
7ff589aba000-7ff58c000000 ---p 00000000 00:00 0 
7ff58c000000-7ff58c021000 rw-p 00000000 00:00 0 
7ff58c021000-7ff590000000 ---p 00000000 00:00 0 
7ff590000000-7ff590021000 rw-p 00000000 00:00 0 
7ff590021000-7ff594000000 ---p 00000000 00:00 0 
7ff594000000-7ff594021000 rw-p 00000000 00:00 0 
7ff594021000-7ff598000000 ---p 00000000 00:00 0 
7ff5980a9000-7ff5980bc000 r--s 00344000 08:01 3292692                    /home/ahmed/myData/android-studio/jre/jre/lib/resources.jar
7ff5980bc000-7ff5980bf000 ---p 00000000 00:00 0 
7ff5980bf000-7ff5981bd000 rw-p 00000000 00:00 0 
7ff5981bd000-7ff5981be000 r--s 00001000 08:01 5251393                    /home/ahmed/.gradle/caches/jars-2/cmhx5eetujk7j30d3nllwxyrlnugzjw/annotations-25.3.3.jar
7ff5981be000-7ff5981c6000 r--s 000a8000 08:01 5251392                    /home/ahmed/.gradle/caches/jars-2/lp0h431tl0554nh1vx6zomcvteflkp/lombok-ast-0.2.3.jar
7ff5981c6000-7ff5981da000 r--s 000b4000 08:01 5251391                    /home/ahmed/.gradle/caches/jars-2/hgvw6szzawm3evod5l2d6iutfug31w0/uast-162.2228.14.jar
7ff5981da000-7ff5981dc000 r--s 0000d000 08:01 5251390                    /home/ahmed/.gradle/caches/jars-2/7pwz1bowgakb1eux9ezb56jlturgsyi/commons-codec-1.4.jar
7ff5981dc000-7ff5981de000 r--s 0000d000 08:01 5251389                    /home/ahmed/.gradle/caches/jars-2/9dj1m0eyooi5qt13735vz8fpkl3cnfy/commons-logging-1.1.1.jar
7ff5981de000-7ff5981e3000 r--s 00028000 08:01 5251388                    /home/ahmed/.gradle/caches/jars-2/62lv0fe9b3xbqe57f6ljy5upwi7mf6k/httpcore-4.1.jar
7ff5981e3000-7ff5981e7000 r--s 0002f000 08:01 5251387                    /home/ahmed/.gradle/caches/jars-2/gsg5n52frsvw6sx0swqqe2hwijwdcf0/jimfs-1.1.jar
7ff5981e7000-7ff5981e8000 r--s 00004000 08:01 5251386                    /home/ahmed/.gradle/caches/jars-2/lxs252id0979odjrerlctkb26c2vj95/annotations-12.0.jar
7ff5981e8000-7ff5981e9000 r--s 00004000 08:01 5251385                    /home/ahmed/.gradle/caches/jars-2/9kn99dr0rulyl67sct1ephwcop56l61/asm-analysis-5.0.4.jar
7ff5981e9000-7ff5981ed000 r--s 00040000 08:01 5251384                    /home/ahmed/.gradle/caches/jars-2/ccvn7yglm4blceovs70fngoac1eyn4f/lint-api-25.3.3.jar
7ff5981ed000-7ff5981ee000 r--s 0000a000 08:01 5251383                    /home/ahmed/.gradle/caches/jars-2/nwyg9io65lv6jvmwit2wq82xnnxd7ia/kxml2-2.3.0.jar
7ff5981ee000-7ff5981f0000 r--s 00005000 08:01 5251382                    /home/ahmed/.gradle/caches/jars-2/i6hc1uuj8e9ck59slmzdyz78ydn8sr6/httpmime-4.1.jar
7ff5981f0000-7ff5981f8000 r--s 0004e000 08:01 5251381                    /home/ahmed/.gradle/caches/jars-2/7503wa5irssz0xxahv1xb82p2dl7rr2/httpclient-4.1.1.jar
7ff5981f8000-7ff5981ff000 r--s 00053000 08:01 5251380                    /home/ahmed/.gradle/caches/jars-2/jgkfvs4eqggj7qsyw1f5d3up57hanj1/commons-compress-1.8.1.jar
7ff5981ff000-7ff598204000 r--s 0002a000 08:01 5251379                    /home/ahmed/.gradle/caches/jars-2/je8f027qcr1z1egw08byp1ybxbp9kko/gson-2.2.4.jar
7ff598204000-7ff598209000 r--s 0002e000 08:01 5251378                    /home/ahmed/.gradle/caches/jars-2/s427p2wh0tfza0xa8qijgx107eeevyl/repository-25.3.3.jar
7ff598209000-7ff59820b000 r--s 00006000 08:01 5251377                    /home/ahmed/.gradle/caches/jars-2/e2s952s6co8tps89l80r4riixwqo2oe/dvlib-25.3.3.jar
7ff59820b000-7ff59820d000 r--s 00013000 08:01 5251376                    /home/ahmed/.gradle/caches/jars-2/s02k517nvrh8cbp2c8dz4slqska6dj9/layoutlib-api-25.3.3.jar
7ff59820d000-7ff598212000 r--s 00058000 08:01 5251375                    /home/ahmed/.gradle/caches/jars-2/st159835qgxm0l87oqrnhayxos4lc1n/asm-debug-all-5.0.1.jar
7ff598212000-7ff598222000 r--s 000d5000 08:01 5251374                    /home/ahmed/.gradle/caches/jars-2/qzf32gp9kej4w4hlbabft6tplu74cj3/proguard-base-5.3.2.jar
7ff598222000-7ff598225000 r--s 00033000 08:01 5251373                    /home/ahmed/.gradle/caches/jars-2/nz9sndmr8b4xbj4xulkaciy5kdbyfiz/juniversalchardet-1.0.3.jar
7ff598225000-7ff598229000 r--s 0002a000 08:01 5251372                    /home/ahmed/.gradle/caches/jars-2/krbpn9xjn1qymukyx8cc5l799ty1v3h/commons-io-2.4.jar
7ff598229000-7ff598240000 r--s 00154000 08:01 5251371                    /home/ahmed/.gradle/caches/jars-2/sfeivjswzitn6n0fnjx3ueszz8gv8o1/antlr4-4.5.3.jar
7ff598240000-7ff598242000 r--s 00002000 08:01 5251370                    /home/ahmed/.gradle/caches/jars-2/rh2ip1x2zziz26tr3qzudtz088pqsb2/baseLibrary-2.3.3.jar
7ff598242000-7ff59826d000 r--s 001fc000 08:01 5251369                    /home/ahmed/.gradle/caches/jars-2/nxjrjftly2xksl8o0wqgivu5netfu2x/guava-18.0.jar
7ff59826d000-7ff598280000 r--s 00241000 08:01 5251368                    /home/ahmed/.gradle/caches/jars-2/9yuekvg4qerfitq3xec0iyckuw3hwaq/ecj-4.6.1.jar
7ff598280000-7ff598287000 r--s 000d9000 08:01 5251367                    /home/ahmed/.gradle/caches/jars-2/ak89aa8liqmr44u7r08njntn6oehe0z/lint-checks-25.3.3.jar
7ff598287000-7ff598289000 r--s 00006000 08:01 5251366                    /home/ahmed/.gradle/caches/jars-2/6phgj9ki3jl3p5epzkqoo8pr6kur40b/asm-tree-5.0.4.jar
7ff598289000-7ff5982bc000 r--s 00203000 08:01 5251364                    /home/ahmed/.gradle/caches/jars-2/hj0bfvxu9cq7hkwmecvp0kg137or3hh/bcprov-jdk15on-1.48.jar
7ff5982bc000-7ff5982ca000 r--s 00081000 08:01 5251363                    /home/ahmed/.gradle/caches/jars-2/4r7xli0tz94y0wfjrdyjxlxar3g1pb9/bcpkix-jdk15on-1.48.jar
7ff5982ca000-7ff5982cc000 r--s 00002000 08:01 5251362                    /home/ahmed/.gradle/caches/jars-2/f32bh5uivuf69ecz2j8hl96ksnqdh7v/javawriter-2.5.0.jar
7ff5982cc000-7ff5982ce000 r--s 00004000 08:01 5251361                    /home/ahmed/.gradle/caches/jars-2/j6s1upogkwo00sygdsekzj4fx0i75uy/tracker-25.3.3.jar
7ff5982ce000-7ff5982cf000 r--s 00005000 08:01 5251360                    /home/ahmed/.gradle/caches/jars-2/4svya0t1s9wyo35ycd3atidsaoo6w7e/shared-25.3.3.jar
7ff5982cf000-7ff5982dd000 r--s 00147000 08:01 5251359                    /home/ahmed/.gradle/caches/jars-2/qx6695c5ocd9swxv7wqtxor3plyb4b7/protos-25.3.3.jar
7ff5982dd000-7ff5982de000 r--s 00001000 08:01 5251358                    /home/ahmed/.gradle/caches/jars-2/bqo69msswbvaagsh45hf1tq02v21sml/jill-api-0.10.0.jar
7ff5982de000-7ff5982e0000 r--s 00003000 08:01 5251357                    /home/ahmed/.gradle/caches/jars-2/7pldadygbci34ql8thws797g29k1uhh/jack-api-0.13.0.jar
7ff5982e0000-7ff5982e6000 r--s 0004a000 08:01 5251356                    /home/ahmed/.gradle/caches/jars-2/euoqfzf5y1sibp9ul8mcz0wovj380eo/ddmlib-25.3.3.jar
7ff5982e6000-7ff5982e9000 r--s 00022000 08:01 5251355                    /home/ahmed/.gradle/caches/jars-2/a81bg2yxzmumashablwecaj0ksz6tmj/manifest-merger-25.3.3.jar
7ff5982e9000-7ff5982ec000 r--s 0001c000 08:01 5251354                    /home/ahmed/.gradle/caches/jars-2/l6cnyee1vojrkkbpp6qwgpf30shmrja/common-25.3.3.jar
7ff5982ec000-7ff5982f5000 r--s 00089000 08:01 5251353                    /home/ahmed/.gradle/caches/jars-2/m0t6h8af70sdgxvkj522jy01i14mnb8/sdk-common-25.3.3.jar
7ff5982f5000-7ff5982ff000 r--s 00098000 08:01 5251352                    /home/ahmed/.gradle/caches/jars-2/28c9ykhc782k8jmlrnbnccai34hziki/sdklib-25.3.3.jar
7ff5982ff000-7ff598302000 r--s 00006000 08:01 5251350                    /home/ahmed/.gradle/caches/jars-2/omk02asobup8sgd6qxom3ej5bg94z2r/builder-model-2.3.3.jar
7ff598302000-7ff598311000 r--s 00130000 08:01 5251349                    /home/ahmed/.gradle/caches/jars-2/cr6zkqpx14lor9zdtmo49qpc7y8r8p4/protobuf-java-3.0.0.jar
7ff598311000-7ff598313000 r--s 0000f000 08:01 5251348                    /home/ahmed/.gradle/caches/jars-2/rvfyugrlu5tbpz51p98og0qsxamjq4k/jopt-simple-4.9.jar
7ff598313000-7ff598317000 r--s 0001f000 08:01 5251347                    /home/ahmed/.gradle/caches/jars-2/nq3fzqkrrm37ob61z4iu5qdbh368uat/org.jacoco.report-0.7.5.201505241946.jar
7ff598317000-7ff59831b000 r--s 0001d000 08:01 5251346                    /home/ahmed/.gradle/caches/jars-2/3kxkmcckmk40ron92zhbm0qjo9l4bkl/org.jacoco.core-0.7.5.201505241946.jar
7ff59831b000-7ff59831d000 r--s 00002000 08:01 5251345                    /home/ahmed/.gradle/caches/jars-2/m4m0pzb4gmaeh0in5g2xc4bxeuwt828/proguard-gradle-5.3.2.jar
7ff59831d000-7ff59831f000 r--s 00009000 08:01 5251344                    /home/ahmed/.gradle/caches/jars-2/ajvcvdu66lc9e3tvvipxtuq48i9bbkc/asm-commons-5.0.4.jar
7ff59831f000-7ff598335000 r--s 00163000 08:01 5251338                    /home/ahmed/.gradle/caches/jars-2/nyg71b5n2lzymmwh5vbtmvjiby07k4g/builder-2.3.3.jar
7ff598335000-7ff598535000 rw-p 00000000 00:00 0 
7ff598535000-7ff598735000 rw-p 00000000 00:00 0 
7ff598735000-7ff598738000 ---p 00000000 00:00 0 
7ff598738000-7ff598836000 rw-p 00000000 00:00 0 
7ff598836000-7ff598839000 ---p 00000000 00:00 0 
7ff598839000-7ff598a6f000 rw-p 00000000 00:00 0 
7ff598a6f000-7ff598c6f000 rw-p 00000000 00:00 0 
7ff598c6f000-7ff598c70000 r--s 00002000 08:01 5251351                    /home/ahmed/.gradle/caches/jars-2/4dod7a1p5hoai4v37pxbcg65bbahvg2/builder-test-api-2.3.3.jar
7ff598c70000-7ff598c72000 r--s 0000c000 08:01 5251343                    /home/ahmed/.gradle/caches/jars-2/1laz1ygmxoc408r7nwqs1q8uk8r236d/asm-5.0.4.jar
7ff598c72000-7ff598c77000 r--s 0002c000 08:01 5251342                    /home/ahmed/.gradle/caches/jars-2/3mlasgi8oo9o7oa12526198jui9zmp2/compilerCommon-2.3.3.jar
7ff598c77000-7ff598c78000 r--s 00002000 08:01 5251341                    /home/ahmed/.gradle/caches/jars-2/73l309uzm0ila7rdaaxteq0ng4ayf2y/gradle-api-2.3.3.jar
7ff598c78000-7ff598c79000 r--s 00000000 08:01 5251340                    /home/ahmed/.gradle/caches/jars-2/tlyajppf8woug00g686fx5mchf8iv3o/transform-api-2.0.0-deprecated-use-gradle-api.jar
7ff598c79000-7ff598c7e000 r--s 0005e000 08:01 5251339                    /home/ahmed/.gradle/caches/jars-2/k2xtosjt0in0zj7mpwvctw6iznt93uh/lint-25.3.3.jar
7ff598c7e000-7ff598c9d000 r--s 001ca000 08:01 5251337                    /home/ahmed/.gradle/caches/jars-2/5fwyvjq1ai8mdh1mluqxidj1wo7rls8/gradle-core-2.3.3.jar
7ff598c9d000-7ff598c9f000 r--s 0000d000 08:01 5251336                    /home/ahmed/.gradle/caches/jars-2/mel54vauze7hczg2p6nebauqz8s53sj/gradle-2.3.3.jar
7ff598c9f000-7ff598ca0000 r--p 00000000 00:00 0 
7ff598ca0000-7ff598ea0000 rw-p 00000000 00:00 0 
7ff598ea0000-7ff5990a0000 rw-p 00000000 00:00 0 
7ff5990a0000-7ff599119000 r--s 010ed000 08:01 3289466                    /home/ahmed/myData/android-studio/jre/lib/tools.jar
7ff599119000-7ff599319000 rw-p 00000000 00:00 0 
7ff599319000-7ff59931c000 ---p 00000000 00:00 0 
7ff59931c000-7ff59941a000 rw-p 00000000 00:00 0 
7ff59941a000-7ff59941d000 ---p 00000000 00:00 0 
7ff59941d000-7ff59951b000 rw-p 00000000 00:00 0 
7ff59951b000-7ff59951e000 ---p 00000000 00:00 0 
7ff59951e000-7ff59961c000 rw-p 00000000 00:00 0 
7ff59961c000-7ff59961f000 ---p 00000000 00:00 0 
7ff59961f000-7ff59971d000 rw-p 00000000 00:00 0 
7ff59971d000-7ff599720000 ---p 00000000 00:00 0 
7ff599720000-7ff599a1e000 rw-p 00000000 00:00 0 
7ff599a1e000-7ff599a21000 ---p 00000000 00:00 0 
7ff599a21000-7ff599b1f000 rw-p 00000000 00:00 0 
7ff599b1f000-7ff599b22000 ---p 00000000 00:00 0 
7ff599b22000-7ff599c20000 rw-p 00000000 00:00 0 
7ff599c20000-7ff599c27000 r--s 00000000 08:01 3293569                    /usr/lib/x86_64-linux-gnu/gconv/gconv-modules.cache
7ff599c27000-7ff599e27000 rw-p 00000000 00:00 0 
7ff599e27000-7ff599e2a000 ---p 00000000 00:00 0 
7ff599e2a000-7ff599f28000 rw-p 00000000 00:00 0 
7ff599f28000-7ff599f31000 r-xp 00000000 08:01 3296886                    /home/ahmed/myData/android-studio/jre/jre/lib/amd64/libmanagement.so
7ff599f31000-7ff59a130000 ---p 00009000 08:01 3296886                    /home/ahmed/myData/android-studio/jre/jre/lib/amd64/libmanagement.so
7ff59a130000-7ff59a131000 r--p 00008000 08:01 3296886                    /home/ahmed/myData/android-studio/jre/jre/lib/amd64/libmanagement.so
7ff59a131000-7ff59a132000 rw-p 00009000 08:01 3296886                    /home/ahmed/myData/android-studio/jre/jre/lib/amd64/libmanagement.so
7ff59a132000-7ff59a137000 r--s 00098000 08:01 3289580                    /home/ahmed/myData/android-studio/jre/jre/lib/jsse.jar
7ff59a137000-7ff59a139000 r--s 00007000 08:01 4456627                    /home/ahmed/.gradle/wrapper/dists/gradle-3.3-all/55gk2rcmfc6p2dg9u9ohc3hw9/gradle-3.3/lib/plugins/gradle-tooling-api-builders-3.3.jar
7ff59a139000-7ff59a13c000 r--s 00009000 08:01 4456620                    /home/ahmed/.gradle/wrapper/dists/gradle-3.3-all/55gk2rcmfc6p2dg9u9ohc3hw9/gradle-3.3/lib/plugins/gradle-testing-native-3.3.jar
7ff59a13c000-7ff59a142000 r--s 00033000 08:01 4456695                    /home/ahmed/.gradle/wrapper/dists/gradle-3.3-all/55gk2rcmfc6p2dg9u9ohc3hw9/gradle-3.3/lib/plugins/snakeyaml-1.6.jar
7ff59a142000-7ff59a144000 r--s 00006000 08:01 4456694                    /home/ahmed/.gradle/wrapper/dists/gradle-3.3-all/55gk2rcmfc6p2dg9u9ohc3hw9/gradle-3.3/lib/plugins/jcommander-1.12.jar
7ff59a144000-7ff59a149000 r--s 00040000 08:01 4456693                    /home/ahmed/.gradle/wrapper/dists/gradle-3.3-all/55gk2rcmfc6p2dg9u9ohc3hw9/gradle-3.3/lib/plugins/bsh-2.0b4.jar
7ff59a149000-7ff59a14b000 r--s 00009000 08:01 4456701                    /home/ahmed/.gradle/wrapper/dists/gradle-3.3-all/55gk2rcmfc6p2dg9u9ohc3hw9/gradle-3.3/lib/plugins/hamcrest-core-1.3.jar
7ff59a14b000-7ff59a154000 r--s 00089000 08:01 4456652                    /home/ahmed/.gradle/wrapper/dists/gradle-3.3-all/55gk2rcmfc6p2dg9u9ohc3hw9/gradle-3.3/lib/plugins/testng-6.3.1.jar
7ff59a154000-7ff59a15c000 r--s 00045000 08:01 4456651                    /home/ahmed/.gradle/wrapper/dists/gradle-3.3-all/55gk2rcmfc6p2dg9u9ohc3hw9/gradle-3.3/lib/plugins/junit-4.12.jar
7ff59a15c000-7ff59a162000 r--s 0002e000 08:01 4456621                    /home/ahmed/.gradle/wrapper/dists/gradle-3.3-all/55gk2rcmfc6p2dg9u9ohc3hw9/gradle-3.3/lib/plugins/gradle-testing-jvm-3.3.jar
7ff59a162000-7ff59a166000 r--s 00016000 08:01 4456619                    /home/ahmed/.gradle/wrapper/dists/gradle-3.3-all/55gk2rcmfc6p2dg9u9ohc3hw9/gradle-3.3/lib/plugins/gradle-testing-base-3.3.jar
7ff59a166000-7ff59a16d000 r--s 00038000 08:01 4456646                    /home/ahmed/.gradle/wrapper/dists/gradle-3.3-all/55gk2rcmfc6p2dg9u9ohc3hw9/gradle-3.3/lib/plugins/bcpg-jdk15on-1.51.jar
7ff59a16d000-7ff59a16f000 r--s 0000c000 08:01 4456598                    /home/ahmed/.gradle/wrapper/dists/gradle-3.3-all/55gk2rcmfc6p2dg9u9ohc3hw9/gradle-3.3/lib/plugins/gradle-signing-3.3.jar
7ff59a16f000-7ff59a171000 r--s 00007000 08:01 4456597                    /home/ahmed/.gradle/wrapper/dists/gradle-3.3-all/55gk2rcmfc6p2dg9u9ohc3hw9/gradle-3.3/lib/plugins/gradle-scala-3.3.jar
7ff59a171000-7ff59a172000 r--s 00004000 08:01 4456625                    /home/ahmed/.gradle/wrapper/dists/gradle-3.3-all/55gk2rcmfc6p2dg9u9ohc3hw9/gradle-3.3/lib/plugins/gradle-resources-sftp-3.3.jar
7ff59a172000-7ff59a182000 r--s 00088000 08:01 4456662                    /home/ahmed/.gradle/wrapper/dists/gradle-3.3-all/55gk2rcmfc6p2dg9u9ohc3hw9/gradle-3.3/lib/plugins/joda-time-2.8.2.jar
7ff59a182000-7ff59a193000 r--s 0010d000 08:01 4456661                    /home/ahmed/.gradle/wrapper/dists/gradle-3.3-all/55gk2rcmfc6p2dg9u9ohc3hw9/gradle-3.3/lib/plugins/jackson-databind-2.6.6.jar
7ff59a193000-7ff59a196000 r--s 00009000 08:01 4456660                    /home/ahmed/.gradle/wrapper/dists/gradle-3.3-all/55gk2rcmfc6p2dg9u9ohc3hw9/gradle-3.3/lib/plugins/jackson-annotations-2.6.6.jar
7ff59a196000-7ff59a19a000 r--s 0003c000 08:01 4456659                    /home/ahmed/.gradle/wrapper/dists/gradle-3.3-all/55gk2rcmfc6p2dg9u9ohc3hw9/gradle-3.3/lib/plugins/jackson-core-2.6.6.jar
7ff59a19a000-7ff59a1a8000 r--s 00087000 08:01 4456658                    /home/ahmed/.gradle/wrapper/dists/gradle-3.3-all/55gk2rcmfc6p2dg9u9ohc3hw9/gradle-3.3/lib/plugins/aws-java-sdk-core-1.11.6.jar
7ff59a1a8000-7ff59a1af000 r--s 00057000 08:01 4456657                    /home/ahmed/.gradle/wrapper/dists/gradle-3.3-all/55gk2rcmfc6p2dg9u9ohc3hw9/gradle-3.3/lib/plugins/aws-java-sdk-kms-1.11.6.jar
7ff59a1af000-7ff59a1bc000 r--s 0008e000 08:01 4456656                    /home/ahmed/.gradle/wrapper/dists/gradle-3.3-all/55gk2rcmfc6p2dg9u9ohc3hw9/gradle-3.3/lib/plugins/aws-java-sdk-s3-1.11.6.jar
7ff59a1bc000-7ff59a1be000 r--s 00004000 08:01 4456626                    /home/ahmed/.gradle/wrapper/dists/gradle-3.3-all/55gk2rcmfc6p2dg9u9ohc3hw9/gradle-3.3/lib/plugins/gradle-resources-s3-3.3.jar
7ff59a1be000-7ff59a1c0000 r--s 00005000 08:01 4456650                    /home/ahmed/.gradle/wrapper/dists/gradle-3.3-all/55gk2rcmfc6p2dg9u9ohc3hw9/gradle-3.3/lib/plugins/jatl-0.2.2.jar
7ff59a1c0000-7ff59a1c2000 r--s 0000f000 08:01 4456603                    /home/ahmed/.gradle/wrapper/dists/gradle-3.3-all/55gk2rcmfc6p2dg9u9ohc3hw9/gradle-3.3/lib/plugins/gradle-reporting-3.3.jar
7ff59a1c2000-7ff59a1c4000 r--s 00002000 08:01 4456604                    /home/ahmed/.gradle/wrapper/dists/gradle-3.3-all/55gk2rcmfc6p2dg9u9ohc3hw9/gradle-3.3/lib/plugins/gradle-publish-3.3.jar
7ff59a1c4000-7ff59a1c6000 r--s 00009000 08:01 4456633                    /home/ahmed/.gradle/wrapper/dists/gradle-3.3-all/55gk2rcmfc6p2dg9u9ohc3hw9/gradle-3.3/lib/plugins/commons-cli-1.2.jar
7ff59a1c6000-7ff59a1cc000 r--s 00031000 08:01 4456589                    /home/ahmed/.gradle/wrapper/dists/gradle-3.3-all/55gk2rcmfc6p2dg9u9ohc3hw9/gradle-3.3/lib/plugins/gradle-plugins-3.3.jar
7ff59a1cc000-7ff59a1ce000 r--s 00009000 08:01 4456622                    /home/ahmed/.gradle/wrapper/dists/gradle-3.3-all/55gk2rcmfc6p2dg9u9ohc3hw9/gradle-3.3/lib/plugins/gradle-plugin-development-3.3.jar
7ff59a1ce000-7ff59a1d4000 r--s 0002b000 08:01 4456615                    /home/ahmed/.gradle/wrapper/dists/gradle-3.3-all/55gk2rcmfc6p2dg9u9ohc3hw9/gradle-3.3/lib/plugins/gradle-platform-play-3.3.jar
7ff59a1d4000-7ff59a1e2000 r--s 00055000 08:01 4456614                    /home/ahmed/.gradle/wrapper/dists/gradle-3.3-all/55gk2rcmfc6p2dg9u9ohc3hw9/gradle-3.3/lib/plugins/gradle-platform-native-3.3.jar
7ff59a1e2000-7ff59a1e7000 r--s 0001f000 08:01 4456609                    /home/ahmed/.gradle/wrapper/dists/gradle-3.3-all/55gk2rcmfc6p2dg9u9ohc3hw9/gradle-3.3/lib/plugins/gradle-platform-jvm-3.3.jar
7ff59a1e7000-7ff59a1ef000 r--s 00027000 08:01 4456608                    /home/ahmed/.gradle/wrapper/dists/gradle-3.3-all/55gk2rcmfc6p2dg9u9ohc3hw9/gradle-3.3/lib/plugins/gradle-platform-base-3.3.jar
7ff59a1ef000-7ff59a217000 r--s 0021c000 08:01 4456641                    /home/ahmed/.gradle/wrapper/dists/gradle-3.3-all/55gk2rcmfc6p2dg9u9ohc3hw9/gradle-3.3/lib/plugins/biz.aQute.bndlib-3.2.0.jar
7ff59a217000-7ff59a219000 r--s 00003000 08:01 4456593                    /home/ahmed/.gradle/wrapper/dists/gradle-3.3-all/55gk2rcmfc6p2dg9u9ohc3hw9/gradle-3.3/lib/plugins/gradle-osgi-3.3.jar
7ff59a219000-7ff59a21c000 r--s 0000c000 08:01 4456644                    /home/ahmed/.gradle/wrapper/dists/gradle-3.3-all/55gk2rcmfc6p2dg9u9ohc3hw9/gradle-3.3/lib/plugins/pmaven-groovy-0.8-20100325.jar
7ff59a21c000-7ff59a21d000 r--s 00004000 08:01 4456643                    /home/ahmed/.gradle/wrapper/dists/gradle-3.3-all/55gk2rcmfc6p2dg9u9ohc3hw9/gradle-3.3/lib/plugins/pmaven-common-0.8-20100325.jar
7ff59a21d000-7ff59a223000 r--s 00023000 08:01 4456594                    /home/ahmed/.gradle/wrapper/dists/gradle-3.3-all/55gk2rcmfc6p2dg9u9ohc3hw9/gradle-3.3/lib/plugins/gradle-maven-3.3.jar
7ff59a223000-7ff59a226000 r--s 0000b000 08:01 4456613                    /home/ahmed/.gradle/wrapper/dists/gradle-3.3-all/55gk2rcmfc6p2dg9u9ohc3hw9/gradle-3.3/lib/plugins/gradle-language-scala-3.3.jar
7ff59a226000-7ff59a22c000 r--s 0001a000 08:01 4456617                    /home/ahmed/.gradle/wrapper/dists/gradle-3.3-all/55gk2rcmfc6p2dg9u9ohc3hw9/gradle-3.3/lib/plugins/gradle-language-native-3.3.jar
7ff59a22c000-7ff59a22f000 r--s 00005000 08:01 4456610                    /home/ahmed/.gradle/wrapper/dists/gradle-3.3-all/55gk2rcmfc6p2dg9u9ohc3hw9/gradle-3.3/lib/plugins/gradle-language-jvm-3.3.jar
7ff59a22f000-7ff59a235000 r--s 00027000 08:01 4456611                    /home/ahmed/.gradle/wrapper/dists/gradle-3.3-all/55gk2rcmfc6p2dg9u9ohc3hw9/gradle-3.3/lib/plugins/gradle-language-java-3.3.jar
7ff59a235000-7ff59a237000 r--s 0000a000 08:01 4456612                    /home/ahmed/.gradle/wrapper/dists/gradle-3.3-all/55gk2rcmfc6p2dg9u9ohc3hw9/gradle-3.3/lib/plugins/gradle-language-groovy-3.3.jar
7ff59a237000-7ff59a23a000 r--s 0001e000 08:01 4456668                    /home/ahmed/.gradle/wrapper/dists/gradle-3.3-all/55gk2rcmfc6p2dg9u9ohc3hw9/gradle-3.3/lib/plugins/jsp-api-2.1-6.1.14.jar
7ff59a23a000-7ff59a25d000 r--s 00344000 08:01 4456667                    /home/ahmed/.gradle/wrapper/dists/gradle-3.3-all/55gk2rcmfc6p2dg9u9ohc3hw9/gradle-3.3/lib/plugins/core-3.1.1.jar
7ff59a25d000-7ff59a25e000 r--s 00006000 08:01 4456666                    /home/ahmed/.gradle/wrapper/dists/gradle-3.3-all/55gk2rcmfc6p2dg9u9ohc3hw9/gradle-3.3/lib/plugins/jetty-naming-6.1.26.jar
7ff59a25e000-7ff59a25f000 r--s 00002000 08:01 4456640                    /home/ahmed/.gradle/wrapper/dists/gradle-3.3-all/55gk2rcmfc6p2dg9u9ohc3hw9/gradle-3.3/lib/plugins/geronimo-annotation_1.0_spec-1.0.jar
7ff59a25f000-7ff59a261000 r--s 00002000 08:01 4456639                    /home/ahmed/.gradle/wrapper/dists/gradle-3.3-all/55gk2rcmfc6p2dg9u9ohc3hw9/gradle-3.3/lib/plugins/jetty-annotations-6.1.26.jar
7ff59a261000-7ff59a272000 r--s 000ea000 08:01 4456638                    /home/ahmed/.gradle/wrapper/dists/gradle-3.3-all/55gk2rcmfc6p2dg9u9ohc3hw9/gradle-3.3/lib/plugins/jsp-2.1-6.1.14.jar
7ff59a272000-7ff59a274000 r--s 0000d000 08:01 4456637                    /home/ahmed/.gradle/wrapper/dists/gradle-3.3-all/55gk2rcmfc6p2dg9u9ohc3hw9/gradle-3.3/lib/plugins/jetty-plus-6.1.26.jar
7ff59a274000-7ff59a276000 r--s 0001f000 08:01 4456636                    /home/ahmed/.gradle/wrapper/dists/gradle-3.3-all/55gk2rcmfc6p2dg9u9ohc3hw9/gradle-3.3/lib/plugins/servlet-api-2.5-20081211.jar
7ff59a276000-7ff59a27a000 r--s 00028000 08:01 4456635                    /home/ahmed/.gradle/wrapper/dists/gradle-3.3-all/55gk2rcmfc6p2dg9u9ohc3hw9/gradle-3.3/lib/plugins/jetty-util-6.1.26.jar
7ff59a27a000-7ff59a281000 r--s 0007d000 08:01 4456634                    /home/ahmed/.gradle/wrapper/dists/gradle-3.3-all/55gk2rcmfc6p2dg9u9ohc3hw9/gradle-3.3/lib/plugins/jetty-6.1.26.jar
7ff59a281000-7ff59a283000 r--s 0000a000 08:01 4456591                    /home/ahmed/.gradle/wrapper/dists/gradle-3.3-all/55gk2rcmfc6p2dg9u9ohc3hw9/gradle-3.3/lib/plugins/gradle-jetty-3.3.jar
7ff59a283000-7ff59a28a000 r--s 00035000 08:01 4456649                    /home/ahmed/.gradle/wrapper/dists/gradle-3.3-all/55gk2rcmfc6p2dg9u9ohc3hw9/gradle-3.3/lib/plugins/simple-4.1.21.jar
7ff59a28a000-7ff59a296000 r--s 00100000 08:01 4456647                    /home/ahmed/.gradle/wrapper/dists/gradle-3.3-all/55gk2rcmfc6p2dg9u9ohc3hw9/gradle-3.3/lib/plugins/rhino-1.7R3.jar
7ff59a296000-7ff59a29a000 r--s 00012000 08:01 4456600                    /home/ahmed/.gradle/wrapper/dists/gradle-3.3-all/55gk2rcmfc6p2dg9u9ohc3hw9/gradle-3.3/lib/plugins/gradle-javascript-3.3.jar
7ff59a29a000-7ff59a29c000 r--s 0000d000 08:01 4456606                    /home/ahmed/.gradle/wrapper/dists/gradle-3.3-all/55gk2rcmfc6p2dg9u9ohc3hw9/gradle-3.3/lib/plugins/gradle-jacoco-3.3.jar
7ff59a29c000-7ff59a29f000 r--s 0000e000 08:01 4456605                    /home/ahmed/.gradle/wrapper/dists/gradle-3.3-all/55gk2rcmfc6p2dg9u9ohc3hw9/gradle-3.3/lib/plugins/gradle-ivy-3.3.jar
7ff59a29f000-7ff59a2a0000 r--s 00002000 08:01 4456616                    /home/ahmed/.gradle/wrapper/dists/gradle-3.3-all/55gk2rcmfc6p2dg9u9ohc3hw9/gradle-3.3/lib/plugins/gradle-ide-play-3.3.jar
7ff59a2a0000-7ff59a2a3000 r--s 00013000 08:01 4456618                    /home/ahmed/.gradle/wrapper/dists/gradle-3.3-all/55gk2rcmfc6p2dg9u9ohc3hw9/gradle-3.3/lib/plugins/gradle-ide-native-3.3.jar
7ff59a2a3000-7ff59a2ac000 r--s 00055000 08:01 4456595                    /home/ahmed/.gradle/wrapper/dists/gradle-3.3-all/55gk2rcmfc6p2dg9u9ohc3hw9/gradle-3.3/lib/plugins/gradle-ide-3.3.jar
7ff59a2ac000-7ff59a2ae000 r--s 00007000 08:01 4456599                    /home/ahmed/.gradle/wrapper/dists/gradle-3.3-all/55gk2rcmfc6p2dg9u9ohc3hw9/gradle-3.3/lib/plugins/gradle-ear-3.3.jar
7ff59a2ae000-7ff59a2b4000 r--s 00039000 08:01 4456602                    /home/ahmed/.gradle/wrapper/dists/gradle-3.3-all/55gk2rcmfc6p2dg9u9ohc3hw9/gradle-3.3/lib/plugins/gradle-diagnostics-3.3.jar
7ff59a2b4000-7ff59a2b5000 r--s 00009000 08:01 4456628                    /home/ahmed/.gradle/wrapper/dists/gradle-3.3-all/55gk2rcmfc6p2dg9u9ohc3hw9/gradle-3.3/lib/plugins/gradle-composite-builds-3.3.jar
7ff59a2b5000-7ff59a2b9000 r--s 00023000 08:01 4456590                    /home/ahmed/.gradle/wrapper/dists/gradle-3.3-all/55gk2rcmfc6p2dg9u9ohc3hw9/gradle-3.3/lib/plugins/gradle-code-quality-3.3.jar
7ff59a2b9000-7ff59a2bd000 r--s 00022000 08:01 4456607                    /home/ahmed/.gradle/wrapper/dists/gradle-3.3-all/55gk2rcmfc6p2dg9u9ohc3hw9/gradle-3.3/lib/plugins/gradle-build-init-3.3.jar
7ff59a2bd000-7ff59a2c3000 r--s 0008e000 08:01 4456601                    /home/ahmed/.gradle/wrapper/dists/gradle-3.3-all/55gk2rcmfc6p2dg9u9ohc3hw9/gradle-3.3/lib/plugins/gradle-build-comparison-3.3.jar
7ff59a2c3000-7ff59a2c4000 r--s 00001000 08:01 4456629                    /home/ahmed/.gradle/wrapper/dists/gradle-3.3-all/55gk2rcmfc6p2dg9u9ohc3hw9/gradle-3.3/lib/plugins/gradle-build-cache-http-3.3.jar
7ff59a2c4000-7ff59a2c6000 r--s 00008000 08:01 4456592                    /home/ahmed/.gradle/wrapper/dists/gradle-3.3-all/55gk2rcmfc6p2dg9u9ohc3hw9/gradle-3.3/lib/plugins/gradle-antlr-3.3.jar
7ff59a2c6000-7ff59a2c8000 r--s 00004000 08:01 4456596                    /home/ahmed/.gradle/wrapper/dists/gradle-3.3-all/55gk2rcmfc6p2dg9u9ohc3hw9/gradle-3.3/lib/plugins/gradle-announce-3.3.jar
7ff59a2c8000-7ff59a2e0000 r--s 00115000 08:01 4456698                    /home/ahmed/.gradle/wrapper/dists/gradle-3.3-all/55gk2rcmfc6p2dg9u9ohc3hw9/gradle-3.3/lib/plugins/xercesImpl-2.9.1.jar
7ff59a2e0000-7ff59a2e8000 r--s 00028000 08:01 4456699                    /home/ahmed/.gradle/wrapper/dists/gradle-3.3-all/55gk2rcmfc6p2dg9u9ohc3hw9/gradle-3.3/lib/plugins/xml-apis-1.3.04.jar
7ff59a2e8000-7ff59a2ee000 r--s 0005b000 08:01 4456697                    /home/ahmed/.gradle/wrapper/dists/gradle-3.3-all/55gk2rcmfc6p2dg9u9ohc3hw9/gradle-3.3/lib/plugins/jcifs-1.3.17.jar
7ff59a2ee000-7ff59a2f4000 r--s 00033000 08:01 4456645                    /home/ahmed/.gradle/wrapper/dists/gradle-3.3-all/55gk2rcmfc6p2dg9u9ohc3hw9/gradle-3.3/lib/plugins/commons-codec-1.6.jar
7ff59a2f4000-7ff59a2fb000 r--s 00049000 08:01 4456696                    /home/ahmed/.gradle/wrapper/dists/gradle-3.3-all/55gk2rcmfc6p2dg9u9ohc3hw9/gradle-3.3/lib/plugins/httpcore-4.4.4.jar
7ff59a2fb000-7ff59a2fe000 r--s 0001c000 08:01 4456654                    /home/ahmed/.gradle/wrapper/dists/gradle-3.3-all/55gk2rcmfc6p2dg9u9ohc3hw9/gradle-3.3/lib/plugins/nekohtml-1.9.14.jar
7ff59a2fe000-7ff59a30b000 r--s 000a4000 08:01 4456653                    /home/ahmed/.gradle/wrapper/dists/gradle-3.3-all/55gk2rcmfc6p2dg9u9ohc3hw9/gradle-3.3/lib/plugins/httpclient-4.4.1.jar
7ff59a30b000-7ff59a30e000 r--s 0000a000 08:01 4456624                    /home/ahmed/.gradle/wrapper/dists/gradle-3.3-all/55gk2rcmfc6p2dg9u9ohc3hw9/gradle-3.3/lib/plugins/gradle-resources-http-3.3.jar
7ff59a30e000-7ff59a312000 r--s 00015000 08:01 4456623                    /home/ahmed/.gradle/wrapper/dists/gradle-3.3-all/55gk2rcmfc6p2dg9u9ohc3hw9/gradle-3.3/lib/plugins/gradle-plugin-use-3.3.jar
7ff59a312000-7ff59a313000 r--s 00000000 08:01 4456536                    /home/ahmed/.gradle/wrapper/dists/gradle-3.3-all/55gk2rcmfc6p2dg9u9ohc3hw9/gradle-3.3/lib/gradle-installation-beacon-3.3.jar
7ff59a313000-7ff59a315000 r--s 00006000 08:01 4456692                    /home/ahmed/.gradle/wrapper/dists/gradle-3.3-all/55gk2rcmfc6p2dg9u9ohc3hw9/gradle-3.3/lib/plugins/aether-connector-wagon-1.13.1.jar
7ff59a315000-7ff59a319000 r--s 0001c000 08:01 4456691                    /home/ahmed/.gradle/wrapper/dists/gradle-3.3-all/55gk2rcmfc6p2dg9u9ohc3hw9/gradle-3.3/lib/plugins/aether-util-1.13.1.jar
7ff59a319000-7ff59a31a000 r--s 00003000 08:01 4456690                    /home/ahmed/.gradle/wrapper/dists/gradle-3.3-all/55gk2rcmfc6p2dg9u9ohc3hw9/gradle-3.3/lib/plugins/aether-spi-1.13.1.jar
7ff59a31a000-7ff59a31d000 r--s 0001d000 08:01 4456689                    /home/ahmed/.gradle/wrapper/dists/gradle-3.3-all/55gk2rcmfc6p2dg9u9ohc3hw9/gradle-3.3/lib/plugins/aether-impl-1.13.1.jar
7ff59a31d000-7ff59a320000 r--s 00013000 08:01 4456688                    /home/ahmed/.gradle/wrapper/dists/gradle-3.3-all/55gk2rcmfc6p2dg9u9ohc3hw9/gradle-3.3/lib/plugins/aether-api-1.13.1.jar
7ff59a320000-7ff59a321000 r--s 00007000 08:01 4456687                    /home/ahmed/.gradle/wrapper/dists/gradle-3.3-all/55gk2rcmfc6p2dg9u9ohc3hw9/gradle-3.3/lib/plugins/wagon-http-shared4-2.4.jar
7ff59a321000-7ff59a323000 r--s 0000b000 08:01 4456686                    /home/ahmed/.gradle/wrapper/dists/gradle-3.3-all/55gk2rcmfc6p2dg9u9ohc3hw9/gradle-3.3/lib/plugins/wagon-provider-api-2.4.jar
7ff59a323000-7ff59a324000 r--s 00002000 08:01 4456685                    /home/ahmed/.gradle/wrapper/dists/gradle-3.3-all/55gk2rcmfc6p2dg9u9ohc3hw9/gradle-3.3/lib/plugins/wagon-http-2.4.jar
7ff59a324000-7ff59a325000 r--s 00002000 08:01 4456684                    /home/ahmed/.gradle/wrapper/dists/gradle-3.3-all/55gk2rcmfc6p2dg9u9ohc3hw9/gradle-3.3/lib/plugins/wagon-file-2.4.jar
7ff59a325000-7ff59a327000 r--s 0000c000 08:01 4456683                    /home/ahmed/.gradle/wrapper/dists/gradle-3.3-all/55gk2rcmfc6p2dg9u9ohc3hw9/gradle-3.3/lib/plugins/maven-aether-provider-3.0.4.jar
7ff59a327000-7ff59a329000 r--s 0000b000 08:01 4456682                    /home/ahmed/.gradle/wrapper/dists/gradle-3.3-all/55gk2rcmfc6p2dg9u9ohc3hw9/gradle-3.3/lib/plugins/maven-plugin-api-3.0.4.jar
7ff59a329000-7ff59a32b000 r--s 00006000 08:01 4456681                    /home/ahmed/.gradle/wrapper/dists/gradle-3.3-all/55gk2rcmfc6p2dg9u9ohc3hw9/gradle-3.3/lib/plugins/maven-repository-metadata-3.0.4.jar
7ff59a32b000-7ff59a32d000 r--s 0000b000 08:01 4456680                    /home/ahmed/.gradle/wrapper/dists/gradle-3.3-all/55gk2rcmfc6p2dg9u9ohc3hw9/gradle-3.3/lib/plugins/maven-artifact-3.0.4.jar
7ff59a32d000-7ff59a32f000 r--s 00026000 08:01 4456679                    /home/ahmed/.gradle/wrapper/dists/gradle-3.3-all/55gk2rcmfc6p2dg9u9ohc3hw9/gradle-3.3/lib/plugins/maven-model-3.0.4.jar
7ff59a32f000-7ff59a333000 r--s 00021000 08:01 4456678                    /home/ahmed/.gradle/wrapper/dists/gradle-3.3-all/55gk2rcmfc6p2dg9u9ohc3hw9/gradle-3.3/lib/plugins/maven-model-builder-3.0.4.jar
7ff59a333000-7ff59a339000 r--s 0003f000 08:01 4456677                    /home/ahmed/.gradle/wrapper/dists/gradle-3.3-all/55gk2rcmfc6p2dg9u9ohc3hw9/gradle-3.3/lib/plugins/maven-compat-3.0.4.jar
7ff59a339000-7ff59a33b000 r--s 00002000 08:01 4456675                    /home/ahmed/.gradle/wrapper/dists/gradle-3.3-all/55gk2rcmfc6p2dg9u9ohc3hw9/gradle-3.3/lib/plugins/plexus-cipher-1.7.jar
7ff59a33b000-7ff59a33d000 r--s 0000a000 08:01 4456674                    /home/ahmed/.gradle/wrapper/dists/gradle-3.3-all/55gk2rcmfc6p2dg9u9ohc3hw9/gradle-3.3/lib/plugins/plexus-classworlds-2.4.jar
7ff59a33d000-7ff59a344000 r--s 0002e000 08:01 4456673                    /home/ahmed/.gradle/wrapper/dists/gradle-3.3-all/55gk2rcmfc6p2dg9u9ohc3hw9/gradle-3.3/lib/plugins/plexus-container-default-1.5.5.jar
7ff59a344000-7ff59a346000 r--s 00000000 08:01 4456700                    /home/ahmed/.gradle/wrapper/dists/gradle-3.3-all/55gk2rcmfc6p2dg9u9ohc3hw9/gradle-3.3/lib/plugins/plexus-component-annotations-1.5.5.jar
7ff59a346000-7ff59a348000 r--s 0000d000 08:01 4456672                    /home/ahmed/.gradle/wrapper/dists/gradle-3.3-all/55gk2rcmfc6p2dg9u9ohc3hw9/gradle-3.3/lib/plugins/plexus-interpolation-1.14.jar
7ff59a348000-7ff59a34c000 r--s 00033000 08:01 4456671                    /home/ahmed/.gradle/wrapper/dists/gradle-3.3-all/55gk2rcmfc6p2dg9u9ohc3hw9/gradle-3.3/lib/plugins/plexus-utils-2.0.6.jar
7ff59a34c000-7ff59a34f000 r--s 00008000 08:01 4456670                    /home/ahmed/.gradle/wrapper/dists/gradle-3.3-all/55gk2rcmfc6p2dg9u9ohc3hw9/gradle-3.3/lib/plugins/maven-settings-builder-3.0.4.jar
7ff59a34f000-7ff59a354000 r--s 00040000 08:01 4456655                    /home/ahmed/.gradle/wrapper/dists/gradle-3.3-all/55gk2rcmfc6p2dg9u9ohc3hw9/gradle-3.3/lib/plugins/jsch-0.1.53.jar
7ff59a354000-7ff59a394000 r--s 00277000 08:01 4456665                    /home/ahmed/.gradle/wrapper/dists/gradle-3.3-all/55gk2rcmfc6p2dg9u9ohc3hw9/gradle-3.3/lib/plugins/bcprov-jdk15on-1.51.jar
7ff59a394000-7ff59a398000 r--s 0001d000 08:01 4456664                    /home/ahmed/.gradle/wrapper/dists/gradle-3.3-all/55gk2rcmfc6p2dg9u9ohc3hw9/gradle-3.3/lib/plugins/xbean-reflect-3.4.jar
7ff59a398000-7ff59a3a4000 r--s 0007d000 08:01 4456642                    /home/ahmed/.gradle/wrapper/dists/gradle-3.3-all/55gk2rcmfc6p2dg9u9ohc3hw9/gradle-3.3/lib/plugins/maven-core-3.0.4.jar
7ff59a3a4000-7ff59a3b3000 r--s 000d9000 08:01 4456663                    /home/ahmed/.gradle/wrapper/dists/gradle-3.3-all/55gk2rcmfc6p2dg9u9ohc3hw9/gradle-3.3/lib/plugins/ivy-2.2.0.jar
7ff59a3b3000-7ff59a3c9000 r-xp 00000000 08:01 7996426                    /lib/x86_64-linux-gnu/libgcc_s.so.1
7ff59a3c9000-7ff59a5c8000 ---p 00016000 08:01 7996426                    /lib/x86_64-linux-gnu/libgcc_s.so.1
7ff59a5c8000-7ff59a5c9000 rw-p 00015000 08:01 7996426                    /lib/x86_64-linux-gnu/libgcc_s.so.1
7ff59a5c9000-7ff59a73b000 r-xp 00000000 08:01 2892555                    /usr/lib/x86_64-linux-gnu/libstdc++.so.6.0.21
7ff59a73b000-7ff59a93b000 ---p 00172000 08:01 2892555                    /usr/lib/x86_64-linux-gnu/libstdc++.so.6.0.21
7ff59a93b000-7ff59a945000 r--p 00172000 08:01 2892555                    /usr/lib/x86_64-linux-gnu/libstdc++.so.6.0.21
7ff59a945000-7ff59a947000 rw-p 0017c000 08:01 2892555                    /usr/lib/x86_64-linux-gnu/libstdc++.so.6.0.21
7ff59a947000-7ff59a94b000 rw-p 00000000 00:00 0 
7ff59a94b000-7ff59a94c000 r--s 00006000 08:01 4456676                    /home/ahmed/.gradle/wrapper/dists/gradle-3.3-all/55gk2rcmfc6p2dg9u9ohc3hw9/gradle-3.3/lib/plugins/plexus-sec-dispatcher-1.3.jar
7ff59a94c000-7ff59a94e000 r--s 0000a000 08:01 4456669                    /home/ahmed/.gradle/wrapper/dists/gradle-3.3-all/55gk2rcmfc6p2dg9u9ohc3hw9/gradle-3.3/lib/plugins/maven-settings-3.0.4.jar
7ff59a94e000-7ff59a953000 r--s 00034000 08:01 4456648                    /home/ahmed/.gradle/wrapper/dists/gradle-3.3-all/55gk2rcmfc6p2dg9u9ohc3hw9/gradle-3.3/lib/plugins/gson-2.7.jar
7ff59a953000-7ff59a972000 r--s 000f6000 08:01 4456631                    /home/ahmed/.gradle/wrapper/dists/gradle-3.3-all/55gk2rcmfc6p2dg9u9ohc3hw9/gradle-3.3/lib/plugins/gradle-dependency-management-3.3.jar
7ff59a972000-7ff59a974000 r--s 00005000 08:01 4456630                    /home/ahmed/.gradle/wrapper/dists/gradle-3.3-all/55gk2rcmfc6p2dg9u9ohc3hw9/gradle-3.3/lib/plugins/gradle-workers-3.3.jar
7ff59a974000-7ff59a979000 r-xp 00000000 08:01 4597518                    /home/ahmed/.gradle/native/23/linux-amd64/libnative-platform.so
7ff59a979000-7ff59ab78000 ---p 00005000 08:01 4597518                    /home/ahmed/.gradle/native/23/linux-amd64/libnative-platform.so
7ff59ab78000-7ff59ab79000 rw-p 00004000 08:01 4597518                    /home/ahmed/.gradle/native/23/linux-amd64/libnative-platform.so
7ff59ab79000-7ff59ab8a000 r-xp 00000000 08:01 3289795                    /home/ahmed/myData/android-studio/jre/jre/lib/amd64/libnio.so
7ff59ab8a000-7ff59ad89000 ---p 00011000 08:01 3289795                    /home/ahmed/myData/android-studio/jre/jre/lib/amd64/libnio.so
7ff59ad89000-7ff59ad8a000 r--p 00010000 08:01 3289795                    /home/ahmed/myData/android-studio/jre/jre/lib/amd64/libnio.so
7ff59ad8a000-7ff59ad8b000 rw-p 00011000 08:01 3289795                    /home/ahmed/myData/android-studio/jre/jre/lib/amd64/libnio.so
7ff59ad8b000-7ff59b08c000 rw-p 00000000 00:00 0 
7ff59b08c000-7ff59b0a3000 r-xp 00000000 08:01 3289792                    /home/ahmed/myData/android-studio/jre/jre/lib/amd64/libnet.so
7ff59b0a3000-7ff59b2a2000 ---p 00017000 08:01 3289792                    /home/ahmed/myData/android-studio/jre/jre/lib/amd64/libnet.so
7ff59b2a2000-7ff59b2a3000 r--p 00016000 08:01 3289792                    /home/ahmed/myData/android-studio/jre/jre/lib/amd64/libnet.so
7ff59b2a3000-7ff59b2a4000 rw-p 00017000 08:01 3289792                    /home/ahmed/myData/android-studio/jre/jre/lib/amd64/libnet.so
7ff59b2a4000-7ff59b2a5000 r--s 00006000 08:01 4456535                    /home/ahmed/.gradle/wrapper/dists/gradle-3.3-all/55gk2rcmfc6p2dg9u9ohc3hw9/gradle-3.3/lib/gradle-wrapper-3.3.jar
7ff59b2a5000-7ff59b2b2000 r--s 00041000 08:01 4456542                    /home/ahmed/.gradle/wrapper/dists/gradle-3.3-all/55gk2rcmfc6p2dg9u9ohc3hw9/gradle-3.3/lib/gradle-tooling-api-3.3.jar
7ff59b2b2000-7ff59b2b8000 r--s 00032000 08:01 4456564                    /home/ahmed/.gradle/wrapper/dists/gradle-3.3-all/55gk2rcmfc6p2dg9u9ohc3hw9/gradle-3.3/lib/jaxen-1.1.jar
7ff59b2b8000-7ff59b2bd000 r--s 00048000 08:01 4456563                    /home/ahmed/.gradle/wrapper/dists/gradle-3.3-all/55gk2rcmfc6p2dg9u9ohc3hw9/gradle-3.3/lib/dom4j-1.6.1.jar
7ff59b2bd000-7ff59b2c8000 r--s 00059000 08:01 4456541                    /home/ahmed/.gradle/wrapper/dists/gradle-3.3-all/55gk2rcmfc6p2dg9u9ohc3hw9/gradle-3.3/lib/gradle-ui-3.3.jar
7ff59b2c8000-7ff59b2d1000 r--s 0008c000 08:01 4456533                    /home/ahmed/.gradle/wrapper/dists/gradle-3.3-all/55gk2rcmfc6p2dg9u9ohc3hw9/gradle-3.3/lib/kotlin-stdlib-1.1-M02.jar
7ff59b2d1000-7ff59b305000 r--s 00256000 08:01 4456531                    /home/ahmed/.gradle/wrapper/dists/gradle-3.3-all/55gk2rcmfc6p2dg9u9ohc3hw9/gradle-3.3/lib/kotlin-reflect-1.1-M02.jar
7ff59b305000-7ff59b49b000 r--s 0157e000 08:01 4456530                    /home/ahmed/.gradle/wrapper/dists/gradle-3.3-all/55gk2rcmfc6p2dg9u9ohc3hw9/gradle-3.3/lib/kotlin-compiler-embeddable-1.1-M02.jar
7ff59b49b000-7ff59b50b000 r--s 00641000 08:01 4456549                    /home/ahmed/.gradle/wrapper/dists/gradle-3.3-all/55gk2rcmfc6p2dg9u9ohc3hw9/gradle-3.3/lib/groovy-all-2.4.7.jar
7ff59b50b000-7ff59b50c000 ---p 00000000 00:00 0 
7ff59b50c000-7ff59b60c000 rw-p 00000000 00:00 0 
7ff59b60c000-7ff59b60f000 ---p 00000000 00:00 0 
7ff59b60f000-7ff59b70d000 rw-p 00000000 00:00 0 
7ff59b70d000-7ff59b710000 ---p 00000000 00:00 0 
7ff59b710000-7ff59b80e000 rw-p 00000000 00:00 0 
7ff59b80e000-7ff59b811000 ---p 00000000 00:00 0 
7ff59b811000-7ff59b90f000 rw-p 00000000 00:00 0 
7ff59b90f000-7ff59b912000 ---p 00000000 00:00 0 
7ff59b912000-7ff59ba10000 rw-p 00000000 00:00 0 
7ff59ba10000-7ff59ba13000 ---p 00000000 00:00 0 
7ff59ba13000-7ff59bb11000 rw-p 00000000 00:00 0 
7ff59bb11000-7ff59bdfe000 r--p 00000000 08:01 2890020                    /usr/lib/locale/locale-archive
7ff59bdfe000-7ff59be01000 ---p 00000000 00:00 0 
7ff59be01000-7ff59beff000 rw-p 00000000 00:00 0 
7ff59beff000-7ff59bf02000 ---p 00000000 00:00 0 
7ff59bf02000-7ff59c000000 rw-p 00000000 00:00 0 
7ff59c000000-7ff59c021000 rw-p 00000000 00:00 0 
7ff59c021000-7ff5a0000000 ---p 00000000 00:00 0 
7ff5a0000000-7ff5a00d5000 rw-p 00000000 00:00 0 
7ff5a00d5000-7ff5a4000000 ---p 00000000 00:00 0 
7ff5a4000000-7ff5a404f000 rw-p 00000000 00:00 0 
7ff5a404f000-7ff5a8000000 ---p 00000000 00:00 0 
7ff5a8000000-7ff5a828f000 rw-p 00000000 00:00 0 
7ff5a828f000-7ff5ac000000 ---p 00000000 00:00 0 
7ff5ac000000-7ff5ac002000 r--s 00002000 08:01 4456562                    /home/ahmed/.gradle/wrapper/dists/gradle-3.3-all/55gk2rcmfc6p2dg9u9ohc3hw9/gradle-3.3/lib/gradle-open-api-3.3.jar
7ff5ac002000-7ff5ac008000 r--s 0002a000 08:01 4456532                    /home/ahmed/.gradle/wrapper/dists/gradle-3.3-all/55gk2rcmfc6p2dg9u9ohc3hw9/gradle-3.3/lib/kotlin-runtime-1.1-M02.jar
7ff5ac008000-7ff5ac010000 r--s 0004e000 08:01 4456529                    /home/ahmed/.gradle/wrapper/dists/gradle-3.3-all/55gk2rcmfc6p2dg9u9ohc3hw9/gradle-3.3/lib/gradle-script-kotlin-0.5.1.jar
7ff5ac010000-7ff5ac013000 r--s 0000b000 08:01 4456560                    /home/ahmed/.gradle/wrapper/dists/gradle-3.3-all/55gk2rcmfc6p2dg9u9ohc3hw9/gradle-3.3/lib/gradle-resources-3.3.jar
7ff5ac013000-7ff5ac015000 r--s 00003000 08:01 4456569                    /home/ahmed/.gradle/wrapper/dists/gradle-3.3-all/55gk2rcmfc6p2dg9u9ohc3hw9/gradle-3.3/lib/jcl-over-slf4j-1.7.10.jar
7ff5ac015000-7ff5ac016000 r--s 00005000 08:01 4456568                    /home/ahmed/.gradle/wrapper/dists/gradle-3.3-all/55gk2rcmfc6p2dg9u9ohc3hw9/gradle-3.3/lib/log4j-over-slf4j-1.7.10.jar
7ff5ac016000-7ff5ac018000 r--s 00000000 08:01 4456567                    /home/ahmed/.gradle/wrapper/dists/gradle-3.3-all/55gk2rcmfc6p2dg9u9ohc3hw9/gradle-3.3/lib/jul-to-slf4j-1.7.10.jar
7ff5ac018000-7ff5ac01d000 r--s 0001e000 08:01 4456544                    /home/ahmed/.gradle/wrapper/dists/gradle-3.3-all/55gk2rcmfc6p2dg9u9ohc3hw9/gradle-3.3/lib/gradle-logging-3.3.jar
7ff5ac01d000-7ff5ac01f000 r--s 00007000 08:01 4456588                    /home/ahmed/.gradle/wrapper/dists/gradle-3.3-all/55gk2rcmfc6p2dg9u9ohc3hw9/gradle-3.3/lib/objenesis-1.2.jar
7ff5ac01f000-7ff5ac021000 r--s 00000000 08:01 4456587                    /home/ahmed/.gradle/wrapper/dists/gradle-3.3-all/55gk2rcmfc6p2dg9u9ohc3hw9/gradle-3.3/lib/minlog-1.2.jar
7ff5ac021000-7ff5ac023000 r--s 0000f000 08:01 4456586                    /home/ahmed/.gradle/wrapper/dists/gradle-3.3-all/55gk2rcmfc6p2dg9u9ohc3hw9/gradle-3.3/lib/reflectasm-1.07-shaded.jar
7ff5ac023000-7ff5ac027000 r--s 00026000 08:01 4456571                    /home/ahmed/.gradle/wrapper/dists/gradle-3.3-all/55gk2rcmfc6p2dg9u9ohc3hw9/gradle-3.3/lib/kryo-2.20.jar
7ff5ac027000-7ff5ac02d000 r--s 00027000 08:01 4456559                    /home/ahmed/.gradle/wrapper/dists/gradle-3.3-all/55gk2rcmfc6p2dg9u9ohc3hw9/gradle-3.3/lib/gradle-messaging-3.3.jar
7ff5ac02d000-7ff5ac02e000 r--s 00001000 08:01 4456585                    /home/ahmed/.gradle/wrapper/dists/gradle-3.3-all/55gk2rcmfc6p2dg9u9ohc3hw9/gradle-3.3/lib/native-platform-linux-i386-ncurses6-0.12.jar
7ff5ac02e000-7ff5ac02f000 r--s 00001000 08:01 4456584                    /home/ahmed/.gradle/wrapper/dists/gradle-3.3-all/55gk2rcmfc6p2dg9u9ohc3hw9/gradle-3.3/lib/native-platform-linux-i386-ncurses5-0.12.jar
7ff5ac02f000-7ff5ac030000 r--s 00001000 08:01 4456583                    /home/ahmed/.gradle/wrapper/dists/gradle-3.3-all/55gk2rcmfc6p2dg9u9ohc3hw9/gradle-3.3/lib/native-platform-linux-amd64-ncurses6-0.12.jar
7ff5ac030000-7ff5ac031000 r--s 00001000 08:01 4456582                    /home/ahmed/.gradle/wrapper/dists/gradle-3.3-all/55gk2rcmfc6p2dg9u9ohc3hw9/gradle-3.3/lib/native-platform-linux-amd64-ncurses5-0.12.jar
7ff5ac031000-7ff5ac032000 r--s 0000b000 08:01 4456581                    /home/ahmed/.gradle/wrapper/dists/gradle-3.3-all/55gk2rcmfc6p2dg9u9ohc3hw9/gradle-3.3/lib/native-platform-windows-i386-0.12.jar
7ff5ac032000-7ff5ac034000 r--s 0000b000 08:01 4456580                    /home/ahmed/.gradle/wrapper/dists/gradle-3.3-all/55gk2rcmfc6p2dg9u9ohc3hw9/gradle-3.3/lib/native-platform-windows-amd64-0.12.jar
7ff5ac034000-7ff5ac036000 r--s 00002000 08:01 4456579                    /home/ahmed/.gradle/wrapper/dists/gradle-3.3-all/55gk2rcmfc6p2dg9u9ohc3hw9/gradle-3.3/lib/native-platform-osx-i386-0.12.jar
7ff5ac036000-7ff5ac037000 r--s 00002000 08:01 4456578                    /home/ahmed/.gradle/wrapper/dists/gradle-3.3-all/55gk2rcmfc6p2dg9u9ohc3hw9/gradle-3.3/lib/native-platform-osx-amd64-0.12.jar
7ff5ac037000-7ff5ac038000 r--s 00002000 08:01 4456577                    /home/ahmed/.gradle/wrapper/dists/gradle-3.3-all/55gk2rcmfc6p2dg9u9ohc3hw9/gradle-3.3/lib/native-platform-linux-i386-0.12.jar
7ff5ac038000-7ff5ac039000 r--s 00002000 08:01 4456576                    /home/ahmed/.gradle/wrapper/dists/gradle-3.3-all/55gk2rcmfc6p2dg9u9ohc3hw9/gradle-3.3/lib/native-platform-linux-amd64-0.12.jar
7ff5ac039000-7ff5ac03a000 r--s 00003000 08:01 4456575                    /home/ahmed/.gradle/wrapper/dists/gradle-3.3-all/55gk2rcmfc6p2dg9u9ohc3hw9/gradle-3.3/lib/native-platform-freebsd-i386-libstdcpp-0.12.jar
7ff5ac03a000-7ff5ac03b000 r--s 00004000 08:01 4456574                    /home/ahmed/.gradle/wrapper/dists/gradle-3.3-all/55gk2rcmfc6p2dg9u9ohc3hw9/gradle-3.3/lib/native-platform-freebsd-i386-libcpp-0.12.jar
7ff5ac03b000-7ff5ac03d000 r--s 00003000 08:01 4456573                    /home/ahmed/.gradle/wrapper/dists/gradle-3.3-all/55gk2rcmfc6p2dg9u9ohc3hw9/gradle-3.3/lib/native-platform-freebsd-amd64-libstdcpp-0.12.jar
7ff5ac03d000-7ff5ac040000 r--s 00023000 08:01 4456566                    /home/ahmed/.gradle/wrapper/dists/gradle-3.3-all/55gk2rcmfc6p2dg9u9ohc3hw9/gradle-3.3/lib/jansi-1.14.jar
7ff5ac040000-7ff5ac044000 r--s 00011000 08:01 4456565                    /home/ahmed/.gradle/wrapper/dists/gradle-3.3-all/55gk2rcmfc6p2dg9u9ohc3hw9/gradle-3.3/lib/native-platform-0.12.jar
7ff5ac044000-7ff5ac047000 r--s 0000a000 08:01 4456543                    /home/ahmed/.gradle/wrapper/dists/gradle-3.3-all/55gk2rcmfc6p2dg9u9ohc3hw9/gradle-3.3/lib/gradle-native-3.3.jar
7ff5ac047000-7ff5ac049000 r--s 00005000 08:01 4456540                    /home/ahmed/.gradle/wrapper/dists/gradle-3.3-all/55gk2rcmfc6p2dg9u9ohc3hw9/gradle-3.3/lib/gradle-cli-3.3.jar
7ff5ac049000-7ff5ac04b000 r--s 00007000 08:01 4456551                    /home/ahmed/.gradle/wrapper/dists/gradle-3.3-all/55gk2rcmfc6p2dg9u9ohc3hw9/gradle-3.3/lib/gradle-model-groovy-3.3.jar
7ff5ac04b000-7ff5ac04d000 r--s 00006000 08:01 4456558                    /home/ahmed/.gradle/wrapper/dists/gradle-3.3-all/55gk2rcmfc6p2dg9u9ohc3hw9/gradle-3.3/lib/gradle-base-services-groovy-3.3.jar
7ff5ac04d000-7ff5ac05c000 r--s 0007f000 08:01 4456550                    /home/ahmed/.gradle/wrapper/dists/gradle-3.3-all/55gk2rcmfc6p2dg9u9ohc3hw9/gradle-3.3/lib/gradle-model-core-3.3.jar
7ff5ac05c000-7ff5ac060000 r--s 00027000 08:01 4456555                    /home/ahmed/.gradle/wrapper/dists/gradle-3.3-all/55gk2rcmfc6p2dg9u9ohc3hw9/gradle-3.3/lib/commons-io-2.2.jar
7ff5ac060000-7ff5ac06d000 r--s 00083000 08:01 4456554                    /home/ahmed/.gradle/wrapper/dists/gradle-3.3-all/55gk2rcmfc6p2dg9u9ohc3hw9/gradle-3.3/lib/commons-collections-3.2.2.jar
7ff5ac06d000-7ff5ac095000 r--s 001cf000 08:01 4456546                    /home/ahmed/.gradle/wrapper/dists/gradle-3.3-all/55gk2rcmfc6p2dg9u9ohc3hw9/gradle-3.3/lib/guava-jdk5-17.0.jar
7ff5ac095000-7ff5ac0b4000 r--s 001d1000 08:01 4456553                    /home/ahmed/.gradle/wrapper/dists/gradle-3.3-all/55gk2rcmfc6p2dg9u9ohc3hw9/gradle-3.3/lib/ant-1.9.6.jar
7ff5ac0b4000-7ff5ac0f1000 r--s 001f8000 08:01 4456539                    /home/ahmed/.gradle/wrapper/dists/gradle-3.3-all/55gk2rcmfc6p2dg9u9ohc3hw9/gradle-3.3/lib/gradle-core-3.3.jar
7ff5ac0f1000-7ff5ac0f2000 ---p 00000000 00:00 0 
7ff5ac0f2000-7ff5b0000000 rw-p 00000000 00:00 0 
7ff5b0000000-7ff5b002b000 rw-p 00000000 00:00 0 
7ff5b002b000-7ff5b4000000 ---p 00000000 00:00 0 
7ff5b4000000-7ff5b4001000 r--s 00004000 08:01 4456572                    /home/ahmed/.gradle/wrapper/dists/gradle-3.3-all/55gk2rcmfc6p2dg9u9ohc3hw9/gradle-3.3/lib/native-platform-freebsd-amd64-libcpp-0.12.jar
7ff5b4001000-7ff5b4002000 r--s 00002000 08:01 4456561                    /home/ahmed/.gradle/wrapper/dists/gradle-3.3-all/55gk2rcmfc6p2dg9u9ohc3hw9/gradle-3.3/lib/gradle-docs-3.3.jar
7ff5b4002000-7ff5b4003000 r--s 00000000 08:01 4456557                    /home/ahmed/.gradle/wrapper/dists/gradle-3.3-all/55gk2rcmfc6p2dg9u9ohc3hw9/gradle-3.3/lib/javax.inject-1.jar
7ff5b4003000-7ff5b4008000 r--s 00038000 08:01 4456552                    /home/ahmed/.gradle/wrapper/dists/gradle-3.3-all/55gk2rcmfc6p2dg9u9ohc3hw9/gradle-3.3/lib/asm-all-5.1.jar
7ff5b4008000-7ff5b41ba000 rw-p 00000000 00:00 0 
7ff5b41ba000-7ff5b4389000 r--s 03c1b000 08:01 3289595                    /home/ahmed/myData/android-studio/jre/jre/lib/rt.jar
7ff5b4389000-7ff5b4eff000 rw-p 00000000 00:00 0 
7ff5b4eff000-7ff5b4f00000 ---p 00000000 00:00 0 
7ff5b4f00000-7ff5b5000000 rw-p 00000000 00:00 0 
7ff5b5000000-7ff5b6550000 rwxp 00000000 00:00 0 
7ff5b6550000-7ff5c4000000 ---p 00000000 00:00 0 
7ff5c4000000-7ff5c4cf8000 rw-p 00000000 00:00 0 
7ff5c4cf8000-7ff5c8000000 ---p 00000000 00:00 0 
7ff5c8000000-7ff5c8001000 r--s 00000000 08:01 4456556                    /home/ahmed/.gradle/wrapper/dists/gradle-3.3-all/55gk2rcmfc6p2dg9u9ohc3hw9/gradle-3.3/lib/jcip-annotations-1.0.jar
7ff5c8001000-7ff5c8002000 r--s 00001000 08:01 4456548                    /home/ahmed/.gradle/wrapper/dists/gradle-3.3-all/55gk2rcmfc6p2dg9u9ohc3hw9/gradle-3.3/lib/gradle-process-services-3.3.jar
7ff5c8002000-7ff5c8004000 r--s 00000000 08:01 4456538                    /home/ahmed/.gradle/wrapper/dists/gradle-3.3-all/55gk2rcmfc6p2dg9u9ohc3hw9/gradle-3.3/lib/gradle-jvm-services-3.3.jar
7ff5c8004000-7ff5c8005000 r--s 00000000 08:01 4456702                    /home/ahmed/.gradle/wrapper/dists/gradle-3.3-all/55gk2rcmfc6p2dg9u9ohc3hw9/gradle-3.3/lib/gradle-version-info-3.3.jar
7ff5c8005000-7ff5c800a000 r--s 00041000 08:01 4456547                    /home/ahmed/.gradle/wrapper/dists/gradle-3.3-all/55gk2rcmfc6p2dg9u9ohc3hw9/gradle-3.3/lib/commons-lang-2.6.jar
7ff5c800a000-7ff5c8017000 r--s 0005c000 08:01 4456534                    /home/ahmed/.gradle/wrapper/dists/gradle-3.3-all/55gk2rcmfc6p2dg9u9ohc3hw9/gradle-3.3/lib/gradle-launcher-3.3.jar
7ff5c8017000-7ff5c8018000 ---p 00000000 00:00 0 
7ff5c8018000-7ff5c8118000 rw-p 00000000 00:00 0 
7ff5c8118000-7ff5c8119000 ---p 00000000 00:00 0 
7ff5c8119000-7ff5c8219000 rw-p 00000000 00:00 0 
7ff5c8219000-7ff5c821a000 ---p 00000000 00:00 0 
7ff5c821a000-7ff5c8349000 rw-p 00000000 00:00 0 
7ff5c8349000-7ff5c851a000 ---p 00000000 00:00 0 
7ff5c851a000-7ff5c8549000 rw-p 00000000 00:00 0 
7ff5c8549000-7ff5c871a000 ---p 00000000 00:00 0 
7ff5c871a000-7ff5c87d3000 rw-p 00000000 00:00 0 
7ff5c87d3000-7ff5c881a000 ---p 00000000 00:00 0 
7ff5c881a000-7ff5c8871000 rw-p 00000000 00:00 0 
7ff5c8871000-7ff5c8bdb000 ---p 00000000 00:00 0 
7ff5c8bdb000-7ff5c8bf5000 r-xp 00000000 08:01 3296869                    /home/ahmed/myData/android-studio/jre/jre/lib/amd64/libzip.so
7ff5c8bf5000-7ff5c8df5000 ---p 0001a000 08:01 3296869                    /home/ahmed/myData/android-studio/jre/jre/lib/amd64/libzip.so
7ff5c8df5000-7ff5c8df6000 r--p 0001a000 08:01 3296869                    /home/ahmed/myData/android-studio/jre/jre/lib/amd64/libzip.so
7ff5c8df6000-7ff5c8df7000 rw-p 0001b000 08:01 3296869                    /home/ahmed/myData/android-studio/jre/jre/lib/amd64/libzip.so
7ff5c8df7000-7ff5c8e02000 r-xp 00000000 08:01 8040228                    /lib/x86_64-linux-gnu/libnss_files-2.23.so
7ff5c8e02000-7ff5c9001000 ---p 0000b000 08:01 8040228                    /lib/x86_64-linux-gnu/libnss_files-2.23.so
7ff5c9001000-7ff5c9002000 r--p 0000a000 08:01 8040228                    /lib/x86_64-linux-gnu/libnss_files-2.23.so
7ff5c9002000-7ff5c9003000 rw-p 0000b000 08:01 8040228                    /lib/x86_64-linux-gnu/libnss_files-2.23.so
7ff5c9003000-7ff5c9009000 rw-p 00000000 00:00 0 
7ff5c9009000-7ff5c9014000 r-xp 00000000 08:01 8040213                    /lib/x86_64-linux-gnu/libnss_nis-2.23.so
7ff5c9014000-7ff5c9213000 ---p 0000b000 08:01 8040213                    /lib/x86_64-linux-gnu/libnss_nis-2.23.so
7ff5c9213000-7ff5c9214000 r--p 0000a000 08:01 8040213                    /lib/x86_64-linux-gnu/libnss_nis-2.23.so
7ff5c9214000-7ff5c9215000 rw-p 0000b000 08:01 8040213                    /lib/x86_64-linux-gnu/libnss_nis-2.23.so
7ff5c9215000-7ff5c922b000 r-xp 00000000 08:01 8040224                    /lib/x86_64-linux-gnu/libnsl-2.23.so
7ff5c922b000-7ff5c942a000 ---p 00016000 08:01 8040224                    /lib/x86_64-linux-gnu/libnsl-2.23.so
7ff5c942a000-7ff5c942b000 r--p 00015000 08:01 8040224                    /lib/x86_64-linux-gnu/libnsl-2.23.so
7ff5c942b000-7ff5c942c000 rw-p 00016000 08:01 8040224                    /lib/x86_64-linux-gnu/libnsl-2.23.so
7ff5c942c000-7ff5c942e000 rw-p 00000000 00:00 0 
7ff5c942e000-7ff5c9436000 r-xp 00000000 08:01 8040225                    /lib/x86_64-linux-gnu/libnss_compat-2.23.so
7ff5c9436000-7ff5c9635000 ---p 00008000 08:01 8040225                    /lib/x86_64-linux-gnu/libnss_compat-2.23.so
7ff5c9635000-7ff5c9636000 r--p 00007000 08:01 8040225                    /lib/x86_64-linux-gnu/libnss_compat-2.23.so
7ff5c9636000-7ff5c9637000 rw-p 00008000 08:01 8040225                    /lib/x86_64-linux-gnu/libnss_compat-2.23.so
7ff5c9637000-7ff5c9664000 r-xp 00000000 08:01 3289799                    /home/ahmed/myData/android-studio/jre/jre/lib/amd64/libjava.so
7ff5c9664000-7ff5c9863000 ---p 0002d000 08:01 3289799                    /home/ahmed/myData/android-studio/jre/jre/lib/amd64/libjava.so
7ff5c9863000-7ff5c9864000 r--p 0002c000 08:01 3289799                    /home/ahmed/myData/android-studio/jre/jre/lib/amd64/libjava.so
7ff5c9864000-7ff5c9866000 rw-p 0002d000 08:01 3289799                    /home/ahmed/myData/android-studio/jre/jre/lib/amd64/libjava.so
7ff5c9866000-7ff5c9876000 r-xp 00000000 08:01 3296895                    /home/ahmed/myData/android-studio/jre/jre/lib/amd64/libverify.so
7ff5c9876000-7ff5c9a75000 ---p 00010000 08:01 3296895                    /home/ahmed/myData/android-studio/jre/jre/lib/amd64/libverify.so
7ff5c9a75000-7ff5c9a77000 r--p 0000f000 08:01 3296895                    /home/ahmed/myData/android-studio/jre/jre/lib/amd64/libverify.so
7ff5c9a77000-7ff5c9a78000 rw-p 00011000 08:01 3296895                    /home/ahmed/myData/android-studio/jre/jre/lib/amd64/libverify.so
7ff5c9a78000-7ff5c9a7f000 r-xp 00000000 08:01 8040212                    /lib/x86_64-linux-gnu/librt-2.23.so
7ff5c9a7f000-7ff5c9c7e000 ---p 00007000 08:01 8040212                    /lib/x86_64-linux-gnu/librt-2.23.so
7ff5c9c7e000-7ff5c9c7f000 r--p 00006000 08:01 8040212                    /lib/x86_64-linux-gnu/librt-2.23.so
7ff5c9c7f000-7ff5c9c80000 rw-p 00007000 08:01 8040212                    /lib/x86_64-linux-gnu/librt-2.23.so
7ff5c9c80000-7ff5c9d88000 r-xp 00000000 08:01 8040222                    /lib/x86_64-linux-gnu/libm-2.23.so
7ff5c9d88000-7ff5c9f87000 ---p 00108000 08:01 8040222                    /lib/x86_64-linux-gnu/libm-2.23.so
7ff5c9f87000-7ff5c9f88000 r--p 00107000 08:01 8040222                    /lib/x86_64-linux-gnu/libm-2.23.so
7ff5c9f88000-7ff5c9f89000 rw-p 00108000 08:01 8040222                    /lib/x86_64-linux-gnu/libm-2.23.so
7ff5c9f89000-7ff5cab7a000 r-xp 00000000 08:01 3289646                    /home/ahmed/myData/android-studio/jre/jre/lib/amd64/server/libjvm.so
7ff5cab7a000-7ff5cad7a000 ---p 00bf1000 08:01 3289646                    /home/ahmed/myData/android-studio/jre/jre/lib/amd64/server/libjvm.so
7ff5cad7a000-7ff5cae19000 r--p 00bf1000 08:01 3289646                    /home/ahmed/myData/android-studio/jre/jre/lib/amd64/server/libjvm.so
7ff5cae19000-7ff5cae42000 rw-p 00c90000 08:01 3289646                    /home/ahmed/myData/android-studio/jre/jre/lib/amd64/server/libjvm.so
7ff5cae42000-7ff5cae86000 rw-p 00000000 00:00 0 
7ff5cae86000-7ff5cae9e000 r-xp 00000000 08:01 8040223                    /lib/x86_64-linux-gnu/libpthread-2.23.so
7ff5cae9e000-7ff5cb09d000 ---p 00018000 08:01 8040223                    /lib/x86_64-linux-gnu/libpthread-2.23.so
7ff5cb09d000-7ff5cb09e000 r--p 00017000 08:01 8040223                    /lib/x86_64-linux-gnu/libpthread-2.23.so
7ff5cb09e000-7ff5cb09f000 rw-p 00018000 08:01 8040223                    /lib/x86_64-linux-gnu/libpthread-2.23.so
7ff5cb09f000-7ff5cb0a3000 rw-p 00000000 00:00 0 
7ff5cb0a3000-7ff5cb0a6000 r-xp 00000000 08:01 8040216                    /lib/x86_64-linux-gnu/libdl-2.23.so
7ff5cb0a6000-7ff5cb2a5000 ---p 00003000 08:01 8040216                    /lib/x86_64-linux-gnu/libdl-2.23.so
7ff5cb2a5000-7ff5cb2a6000 r--p 00002000 08:01 8040216                    /lib/x86_64-linux-gnu/libdl-2.23.so
7ff5cb2a6000-7ff5cb2a7000 rw-p 00003000 08:01 8040216                    /lib/x86_64-linux-gnu/libdl-2.23.so
7ff5cb2a7000-7ff5cb466000 r-xp 00000000 08:01 8040217                    /lib/x86_64-linux-gnu/libc-2.23.so
7ff5cb466000-7ff5cb666000 ---p 001bf000 08:01 8040217                    /lib/x86_64-linux-gnu/libc-2.23.so
7ff5cb666000-7ff5cb66a000 r--p 001bf000 08:01 8040217                    /lib/x86_64-linux-gnu/libc-2.23.so
7ff5cb66a000-7ff5cb66c000 rw-p 001c3000 08:01 8040217                    /lib/x86_64-linux-gnu/libc-2.23.so
7ff5cb66c000-7ff5cb670000 rw-p 00000000 00:00 0 
7ff5cb670000-7ff5cb686000 r-xp 00000000 08:01 3294512                    /home/ahmed/myData/android-studio/jre/lib/amd64/jli/libjli.so
7ff5cb686000-7ff5cb885000 ---p 00016000 08:01 3294512                    /home/ahmed/myData/android-studio/jre/lib/amd64/jli/libjli.so
7ff5cb885000-7ff5cb886000 r--p 00015000 08:01 3294512                    /home/ahmed/myData/android-studio/jre/lib/amd64/jli/libjli.so
7ff5cb886000-7ff5cb887000 rw-p 00016000 08:01 3294512                    /home/ahmed/myData/android-studio/jre/lib/amd64/jli/libjli.so
7ff5cb887000-7ff5cb8ad000 r-xp 00000000 08:01 7999545                    /lib/x86_64-linux-gnu/ld-2.23.so
7ff5cb8ad000-7ff5cb8ae000 r--s 00007000 08:01 4456545                    /home/ahmed/.gradle/wrapper/dists/gradle-3.3-all/55gk2rcmfc6p2dg9u9ohc3hw9/gradle-3.3/lib/slf4j-api-1.7.10.jar
7ff5cb8ae000-7ff5cb8b7000 r--s 00042000 08:01 4456537                    /home/ahmed/.gradle/wrapper/dists/gradle-3.3-all/55gk2rcmfc6p2dg9u9ohc3hw9/gradle-3.3/lib/gradle-base-services-3.3.jar
7ff5cb8b7000-7ff5cb97c000 rw-p 00000000 00:00 0 
7ff5cb97c000-7ff5cb97f000 ---p 00000000 00:00 0 
7ff5cb97f000-7ff5cba81000 rw-p 00000000 00:00 0 
7ff5cba81000-7ff5cba82000 r--s 00004000 08:01 4456570                    /home/ahmed/.gradle/wrapper/dists/gradle-3.3-all/55gk2rcmfc6p2dg9u9ohc3hw9/gradle-3.3/lib/ant-launcher-1.9.6.jar
7ff5cba82000-7ff5cbaa0000 rw-p 00000000 00:00 0 
7ff5cbaa0000-7ff5cbaa8000 rw-s 00000000 08:01 12850459                   /tmp/hsperfdata_ahmed/17957
7ff5cbaa8000-7ff5cbaa9000 rw-p 00000000 00:00 0 
7ff5cbaa9000-7ff5cbaaa000 ---p 00000000 00:00 0 
7ff5cbaaa000-7ff5cbaac000 rw-p 00000000 00:00 0 
7ff5cbaac000-7ff5cbaad000 r--p 00025000 08:01 7999545                    /lib/x86_64-linux-gnu/ld-2.23.so
7ff5cbaad000-7ff5cbaae000 rw-p 00026000 08:01 7999545                    /lib/x86_64-linux-gnu/ld-2.23.so
7ff5cbaae000-7ff5cbaaf000 rw-p 00000000 00:00 0 
7ffd26aca000-7ffd26aeb000 rw-p 00000000 00:00 0                          [stack]
7ffd26bde000-7ffd26be0000 r--p 00000000 00:00 0                          [vvar]
7ffd26be0000-7ffd26be2000 r-xp 00000000 00:00 0                          [vdso]
ffffffffff600000-ffffffffff601000 r-xp 00000000 00:00 0                  [vsyscall]

VM Arguments:
jvm_args: -Xmx1536m -Dfile.encoding=UTF-8 -Duser.country=US -Duser.language=en -Duser.variant 
java_command: org.gradle.launcher.daemon.bootstrap.GradleDaemon 3.3
java_class_path (initial): /home/ahmed/.gradle/wrapper/dists/gradle-3.3-all/55gk2rcmfc6p2dg9u9ohc3hw9/gradle-3.3/lib/gradle-launcher-3.3.jar
Launcher Type: SUN_STANDARD

Environment Variables:
JAVA_HOME=/usr/lib/jvm/java-8-oracle
PATH=/usr/local/sbin:/usr/local/bin:/usr/sbin:/usr/bin:/sbin:/bin:/usr/games:/usr/local/games:/snap/bin
LD_LIBRARY_PATH=/home/ahmed/myData/android-studio/bin:
SHELL=/bin/bash
DISPLAY=:0

Signal Handlers:
SIGSEGV: [libjvm.so+0x9e5150], sa_mask[0]=11111111011111111101111111111110, sa_flags=SA_RESTART|SA_SIGINFO
SIGBUS: [libjvm.so+0x9e5150], sa_mask[0]=11111111011111111101111111111110, sa_flags=SA_RESTART|SA_SIGINFO
SIGFPE: [libjvm.so+0x848450], sa_mask[0]=11111111011111111101111111111110, sa_flags=SA_RESTART|SA_SIGINFO
SIGPIPE: [libjvm.so+0x848450], sa_mask[0]=11111111011111111101111111111110, sa_flags=SA_RESTART|SA_SIGINFO
SIGXFSZ: [libjvm.so+0x848450], sa_mask[0]=11111111011111111101111111111110, sa_flags=SA_RESTART|SA_SIGINFO
SIGILL: [libjvm.so+0x848450], sa_mask[0]=11111111011111111101111111111110, sa_flags=SA_RESTART|SA_SIGINFO
SIGUSR1: SIG_DFL, sa_mask[0]=00000000000000000000000000000000, sa_flags=none
SIGUSR2: [libjvm.so+0x848320], sa_mask[0]=00100000000000000000000000000000, sa_flags=SA_RESTART|SA_SIGINFO
SIGHUP: [libjvm.so+0x848510], sa_mask[0]=11111111011111111101111111111110, sa_flags=SA_RESTART|SA_SIGINFO
SIGINT: [libjvm.so+0x848510], sa_mask[0]=11111111011111111101111111111110, sa_flags=SA_RESTART|SA_SIGINFO
SIGTERM: [libjvm.so+0x848510], sa_mask[0]=11111111011111111101111111111110, sa_flags=SA_RESTART|SA_SIGINFO
SIGQUIT: [libjvm.so+0x848510], sa_mask[0]=11111111011111111101111111111110, sa_flags=SA_RESTART|SA_SIGINFO


---------------  S Y S T E M  ---------------

OS:DISTRIB_ID=Ubuntu
DISTRIB_RELEASE=16.04
DISTRIB_CODENAME=xenial
DISTRIB_DESCRIPTION="Ubuntu 16.04.1 LTS"

uname:Linux 4.4.0-83-generic #106-Ubuntu SMP Mon Jun 26 17:54:43 UTC 2017 x86_64
libc:glibc 2.23 NPTL 2.23 
rlimit: STACK 8192k, CORE 0k, NPROC 23442, NOFILE 65536, AS infinity
load average:3.25 1.58 1.16

/proc/meminfo:
MemTotal:        6038996 kB
MemFree:          549796 kB
MemAvailable:     967896 kB
Buffers:           50364 kB
Cached:           782824 kB
SwapCached:       177568 kB
Active:          4111156 kB
Inactive:        1087720 kB
Active(anon):    3621624 kB
Inactive(anon):   997732 kB
Active(file):     489532 kB
Inactive(file):    89988 kB
Unevictable:         192 kB
Mlocked:             192 kB
SwapTotal:       6213628 kB
SwapFree:        4882040 kB
Dirty:              4696 kB
Writeback:             0 kB
AnonPages:       4343948 kB
Mapped:           318524 kB
Shmem:            253668 kB
Slab:             152076 kB
SReclaimable:     102756 kB
SUnreclaim:        49320 kB
KernelStack:       13680 kB
PageTables:        64320 kB
NFS_Unstable:          0 kB
Bounce:                0 kB
WritebackTmp:          0 kB
CommitLimit:     9233124 kB
Committed_AS:   12148228 kB
VmallocTotal:   34359738367 kB
VmallocUsed:           0 kB
VmallocChunk:          0 kB
HardwareCorrupted:     0 kB
AnonHugePages:   1964032 kB
CmaTotal:              0 kB
CmaFree:               0 kB
HugePages_Total:       0
HugePages_Free:        0
HugePages_Rsvd:        0
HugePages_Surp:        0
Hugepagesize:       2048 kB
DirectMap4k:      201776 kB
DirectMap2M:     6019072 kB


CPU:total 4 (2 cores per cpu, 2 threads per core) family 6 model 42 stepping 7, cmov, cx8, fxsr, mmx, sse, sse2, sse3, ssse3, sse4.1, sse4.2, popcnt, avx, clmul, ht, tsc, tscinvbit

/proc/cpuinfo:
processor	: 0
vendor_id	: GenuineIntel
cpu family	: 6
model		: 42
model name	: Intel(R) Core(TM) i3-2310M CPU @ 2.10GHz
stepping	: 7
microcode	: 0x14
cpu MHz		: 2100.000
cache size	: 3072 KB
physical id	: 0
siblings	: 4
core id		: 0
cpu cores	: 2
apicid		: 0
initial apicid	: 0
fpu		: yes
fpu_exception	: yes
cpuid level	: 13
wp		: yes
flags		: fpu vme de pse tsc msr pae mce cx8 apic sep mtrr pge mca cmov pat pse36 clflush dts acpi mmx fxsr sse sse2 ss ht tm pbe syscall nx rdtscp lm constant_tsc arch_perfmon pebs bts rep_good nopl xtopology nonstop_tsc aperfmperf eagerfpu pni pclmulqdq dtes64 monitor ds_cpl vmx est tm2 ssse3 cx16 xtpr pdcm pcid sse4_1 sse4_2 x2apic popcnt tsc_deadline_timer xsave avx lahf_lm epb tpr_shadow vnmi flexpriority ept vpid xsaveopt dtherm arat pln pts
bugs		:
bogomips	: 4190.67
clflush size	: 64
cache_alignment	: 64
address sizes	: 36 bits physical, 48 bits virtual
power management:

processor	: 1
vendor_id	: GenuineIntel
cpu family	: 6
model		: 42
model name	: Intel(R) Core(TM) i3-2310M CPU @ 2.10GHz
stepping	: 7
microcode	: 0x14
cpu MHz		: 2100.000
cache size	: 3072 KB
physical id	: 0
siblings	: 4
core id		: 0
cpu cores	: 2
apicid		: 1
initial apicid	: 1
fpu		: yes
fpu_exception	: yes
cpuid level	: 13
wp		: yes
flags		: fpu vme de pse tsc msr pae mce cx8 apic sep mtrr pge mca cmov pat pse36 clflush dts acpi mmx fxsr sse sse2 ss ht tm pbe syscall nx rdtscp lm constant_tsc arch_perfmon pebs bts rep_good nopl xtopology nonstop_tsc aperfmperf eagerfpu pni pclmulqdq dtes64 monitor ds_cpl vmx est tm2 ssse3 cx16 xtpr pdcm pcid sse4_1 sse4_2 x2apic popcnt tsc_deadline_timer xsave avx lahf_lm epb tpr_shadow vnmi flexpriority ept vpid xsaveopt dtherm arat pln pts
bugs		:
bogomips	: 4190.67
clflush size	: 64
cache_alignment	: 64
address sizes	: 36 bits physical, 48 bits virtual
power management:

processor	: 2
vendor_id	: GenuineIntel
cpu family	: 6
model		: 42
model name	: Intel(R) Core(TM) i3-2310M CPU @ 2.10GHz
stepping	: 7
microcode	: 0x14
cpu MHz		: 2100.000
cache size	: 3072 KB
physical id	: 0
siblings	: 4
core id		: 1
cpu cores	: 2
apicid		: 2
initial apicid	: 2
fpu		: yes
fpu_exception	: yes
cpuid level	: 13
wp		: yes
flags		: fpu vme de pse tsc msr pae mce cx8 apic sep mtrr pge mca cmov pat pse36 clflush dts acpi mmx fxsr sse sse2 ss ht tm pbe syscall nx rdtscp lm constant_tsc arch_perfmon pebs bts rep_good nopl xtopology nonstop_tsc aperfmperf eagerfpu pni pclmulqdq dtes64 monitor ds_cpl vmx est tm2 ssse3 cx16 xtpr pdcm pcid sse4_1 sse4_2 x2apic popcnt tsc_deadline_timer xsave avx lahf_lm epb tpr_shadow vnmi flexpriority ept vpid xsaveopt dtherm arat pln pts
bugs		:
bogomips	: 4190.67
clflush size	: 64
cache_alignment	: 64
address sizes	: 36 bits physical, 48 bits virtual
power management:

processor	: 3
vendor_id	: GenuineIntel
cpu family	: 6
model		: 42
model name	: Intel(R) Core(TM) i3-2310M CPU @ 2.10GHz
stepping	: 7
microcode	: 0x14
cpu MHz		: 2100.000
cache size	: 3072 KB
physical id	: 0
siblings	: 4
core id		: 1
cpu cores	: 2
apicid		: 3
initial apicid	: 3
fpu		: yes
fpu_exception	: yes
cpuid level	: 13
wp		: yes
flags		: fpu vme de pse tsc msr pae mce cx8 apic sep mtrr pge mca cmov pat pse36 clflush dts acpi mmx fxsr sse sse2 ss ht tm pbe syscall nx rdtscp lm constant_tsc arch_perfmon pebs bts rep_good nopl xtopology nonstop_tsc aperfmperf eagerfpu pni pclmulqdq dtes64 monitor ds_cpl vmx est tm2 ssse3 cx16 xtpr pdcm pcid sse4_1 sse4_2 x2apic popcnt tsc_deadline_timer xsave avx lahf_lm epb tpr_shadow vnmi flexpriority ept vpid xsaveopt dtherm arat pln pts
bugs		:
bogomips	: 4190.67
clflush size	: 64
cache_alignment	: 64
address sizes	: 36 bits physical, 48 bits virtual
power management:



Memory: 4k page, physical 6038996k(549796k free), swap 6213628k(4882040k free)

vm_info: OpenJDK 64-Bit Server VM (25.112-b06) for linux-amd64 JRE (1.8.0_112-release-b06), built on Dec  6 2016 12:11:18 by "builder" with gcc 4.8.4

time: Thu Jul 27 17:45:54 2017
elapsed time: 17 seconds (0d 0h 0m 17s)

